INFO 2025-07-08 05:14:24,818 autoreload 37370 140700441332608 Watching for file changes with StatReloader
INFO 2025-07-08 05:14:41,766 autoreload 37370 140700441332608 /home/t0myam/projects/private-django/credentials_manager/core/settings.py changed, reloading.
INFO 2025-07-08 05:14:42,105 autoreload 37449 139653155654528 Watching for file changes with StatReloader
INFO 2025-07-08 05:14:47,968 autoreload 37654 140426352237440 Watching for file changes with StatReloader
INFO 2025-07-08 05:23:38,480 autoreload 41068 140369945463680 Watching for file changes with StatReloader
INFO 2025-07-08 05:23:47,927 basehttp 41068 140369846032064 "GET / HTTP/1.1" 302 0
ERROR 2025-07-08 05:23:48,147 log 41068 140369846032064 Internal Server Error: /auth/login/
Traceback (most recent call last):
  File "/home/t0myam/.pyenv/versions/private/lib/python3.13/site-packages/django/urls/base.py", line 81, in reverse
    extra, resolver = resolver.namespace_dict[ns]
                      ~~~~~~~~~~~~~~~~~~~~~~~^^^^
KeyError: 'dashboard'

During handling of the above exception, another exception occurred:

Traceback (most recent call last):
  File "/home/t0myam/.pyenv/versions/private/lib/python3.13/site-packages/django/core/handlers/exception.py", line 55, in inner
    response = get_response(request)
  File "/home/t0myam/.pyenv/versions/private/lib/python3.13/site-packages/django/core/handlers/base.py", line 197, in _get_response
    response = wrapped_callback(request, *callback_args, **callback_kwargs)
  File "/home/t0myam/projects/private-django/credentials_manager/apps/authentication/views.py", line 49, in login_view
    return render(request, 'auth/login.html', {'form': form})
  File "/home/t0myam/.pyenv/versions/private/lib/python3.13/site-packages/django/shortcuts.py", line 25, in render
    content = loader.render_to_string(template_name, context, request, using=using)
  File "/home/t0myam/.pyenv/versions/private/lib/python3.13/site-packages/django/template/loader.py", line 62, in render_to_string
    return template.render(context, request)
           ~~~~~~~~~~~~~~~^^^^^^^^^^^^^^^^^^
  File "/home/t0myam/.pyenv/versions/private/lib/python3.13/site-packages/django/template/backends/django.py", line 107, in render
    return self.template.render(context)
           ~~~~~~~~~~~~~~~~~~~~^^^^^^^^^
  File "/home/t0myam/.pyenv/versions/private/lib/python3.13/site-packages/django/template/base.py", line 171, in render
    return self._render(context)
           ~~~~~~~~~~~~^^^^^^^^^
  File "/home/t0myam/.pyenv/versions/private/lib/python3.13/site-packages/django/test/utils.py", line 114, in instrumented_test_render
    return self.nodelist.render(context)
           ~~~~~~~~~~~~~~~~~~~~^^^^^^^^^
  File "/home/t0myam/.pyenv/versions/private/lib/python3.13/site-packages/django/template/base.py", line 1016, in render
    return SafeString("".join([node.render_annotated(context) for node in self]))
                               ~~~~~~~~~~~~~~~~~~~~~^^^^^^^^^
  File "/home/t0myam/.pyenv/versions/private/lib/python3.13/site-packages/django/template/base.py", line 977, in render_annotated
    return self.render(context)
           ~~~~~~~~~~~^^^^^^^^^
  File "/home/t0myam/.pyenv/versions/private/lib/python3.13/site-packages/django/template/loader_tags.py", line 159, in render
    return compiled_parent._render(context)
           ~~~~~~~~~~~~~~~~~~~~~~~^^^^^^^^^
  File "/home/t0myam/.pyenv/versions/private/lib/python3.13/site-packages/django/test/utils.py", line 114, in instrumented_test_render
    return self.nodelist.render(context)
           ~~~~~~~~~~~~~~~~~~~~^^^^^^^^^
  File "/home/t0myam/.pyenv/versions/private/lib/python3.13/site-packages/django/template/base.py", line 1016, in render
    return SafeString("".join([node.render_annotated(context) for node in self]))
                               ~~~~~~~~~~~~~~~~~~~~~^^^^^^^^^
  File "/home/t0myam/.pyenv/versions/private/lib/python3.13/site-packages/django/template/base.py", line 977, in render_annotated
    return self.render(context)
           ~~~~~~~~~~~^^^^^^^^^
  File "/home/t0myam/.pyenv/versions/private/lib/python3.13/site-packages/django/template/defaulttags.py", line 480, in render
    url = reverse(view_name, args=args, kwargs=kwargs, current_app=current_app)
  File "/home/t0myam/.pyenv/versions/private/lib/python3.13/site-packages/django/urls/base.py", line 92, in reverse
    raise NoReverseMatch("%s is not a registered namespace" % key)
django.urls.exceptions.NoReverseMatch: 'dashboard' is not a registered namespace
ERROR 2025-07-08 05:23:48,327 basehttp 41068 140369846032064 "GET /auth/login/?next=/ HTTP/1.1" 500 163773
INFO 2025-07-08 05:23:48,683 basehttp 41068 140369846032064 "GET /static/debug_toolbar/js/toolbar.js HTTP/1.1" 304 0
INFO 2025-07-08 05:23:48,684 basehttp 41068 140369854424768 "GET /static/debug_toolbar/css/toolbar.css HTTP/1.1" 304 0
INFO 2025-07-08 05:23:48,878 basehttp 41068 140369854424768 "GET /static/debug_toolbar/css/print.css HTTP/1.1" 304 0
INFO 2025-07-08 05:23:49,031 basehttp 41068 140369854424768 "GET /static/debug_toolbar/js/utils.js HTTP/1.1" 304 0
WARNING 2025-07-08 05:23:49,268 log 41068 140369854424768 Not Found: /favicon.ico
WARNING 2025-07-08 05:23:49,270 basehttp 41068 140369854424768 "GET /favicon.ico HTTP/1.1" 404 21202
INFO 2025-07-08 05:25:52,607 autoreload 41068 140369945463680 /home/t0myam/projects/private-django/credentials_manager/apps/authentication/views.py changed, reloading.
INFO 2025-07-08 05:25:54,886 autoreload 41499 140620345949056 Watching for file changes with StatReloader
ERROR 2025-07-08 05:26:15,026 log 41499 140620182058688 Internal Server Error: /auth/login/
Traceback (most recent call last):
  File "/home/t0myam/.pyenv/versions/private/lib/python3.13/site-packages/django/core/handlers/exception.py", line 55, in inner
    response = get_response(request)
  File "/home/t0myam/.pyenv/versions/private/lib/python3.13/site-packages/django/core/handlers/base.py", line 197, in _get_response
    response = wrapped_callback(request, *callback_args, **callback_kwargs)
  File "/home/t0myam/projects/private-django/credentials_manager/apps/authentication/views.py", line 49, in login_view
    return render(request, 'authentication/login.html', {'form': form})
  File "/home/t0myam/.pyenv/versions/private/lib/python3.13/site-packages/django/shortcuts.py", line 25, in render
    content = loader.render_to_string(template_name, context, request, using=using)
  File "/home/t0myam/.pyenv/versions/private/lib/python3.13/site-packages/django/template/loader.py", line 61, in render_to_string
    template = get_template(template_name, using=using)
  File "/home/t0myam/.pyenv/versions/private/lib/python3.13/site-packages/django/template/loader.py", line 19, in get_template
    raise TemplateDoesNotExist(template_name, chain=chain)
django.template.exceptions.TemplateDoesNotExist: authentication/login.html
ERROR 2025-07-08 05:26:15,104 basehttp 41499 140620182058688 "GET /auth/login/?next=/ HTTP/1.1" 500 105533
INFO 2025-07-08 05:27:27,967 autoreload 41914 140110423047040 Watching for file changes with StatReloader
ERROR 2025-07-08 05:27:31,991 log 41914 140110331864768 Internal Server Error: /auth/login/
Traceback (most recent call last):
  File "/home/t0myam/.pyenv/versions/private/lib/python3.13/site-packages/django/urls/base.py", line 81, in reverse
    extra, resolver = resolver.namespace_dict[ns]
                      ~~~~~~~~~~~~~~~~~~~~~~~^^^^
KeyError: 'dashboard'

During handling of the above exception, another exception occurred:

Traceback (most recent call last):
  File "/home/t0myam/.pyenv/versions/private/lib/python3.13/site-packages/django/core/handlers/exception.py", line 55, in inner
    response = get_response(request)
  File "/home/t0myam/.pyenv/versions/private/lib/python3.13/site-packages/django/core/handlers/base.py", line 197, in _get_response
    response = wrapped_callback(request, *callback_args, **callback_kwargs)
  File "/home/t0myam/projects/private-django/credentials_manager/apps/authentication/views.py", line 49, in login_view
    return render(request, 'authentication/login.html', {'form': form})
  File "/home/t0myam/.pyenv/versions/private/lib/python3.13/site-packages/django/shortcuts.py", line 25, in render
    content = loader.render_to_string(template_name, context, request, using=using)
  File "/home/t0myam/.pyenv/versions/private/lib/python3.13/site-packages/django/template/loader.py", line 62, in render_to_string
    return template.render(context, request)
           ~~~~~~~~~~~~~~~^^^^^^^^^^^^^^^^^^
  File "/home/t0myam/.pyenv/versions/private/lib/python3.13/site-packages/django/template/backends/django.py", line 107, in render
    return self.template.render(context)
           ~~~~~~~~~~~~~~~~~~~~^^^^^^^^^
  File "/home/t0myam/.pyenv/versions/private/lib/python3.13/site-packages/django/template/base.py", line 171, in render
    return self._render(context)
           ~~~~~~~~~~~~^^^^^^^^^
  File "/home/t0myam/.pyenv/versions/private/lib/python3.13/site-packages/django/test/utils.py", line 114, in instrumented_test_render
    return self.nodelist.render(context)
           ~~~~~~~~~~~~~~~~~~~~^^^^^^^^^
  File "/home/t0myam/.pyenv/versions/private/lib/python3.13/site-packages/django/template/base.py", line 1016, in render
    return SafeString("".join([node.render_annotated(context) for node in self]))
                               ~~~~~~~~~~~~~~~~~~~~~^^^^^^^^^
  File "/home/t0myam/.pyenv/versions/private/lib/python3.13/site-packages/django/template/base.py", line 977, in render_annotated
    return self.render(context)
           ~~~~~~~~~~~^^^^^^^^^
  File "/home/t0myam/.pyenv/versions/private/lib/python3.13/site-packages/django/template/loader_tags.py", line 159, in render
    return compiled_parent._render(context)
           ~~~~~~~~~~~~~~~~~~~~~~~^^^^^^^^^
  File "/home/t0myam/.pyenv/versions/private/lib/python3.13/site-packages/django/test/utils.py", line 114, in instrumented_test_render
    return self.nodelist.render(context)
           ~~~~~~~~~~~~~~~~~~~~^^^^^^^^^
  File "/home/t0myam/.pyenv/versions/private/lib/python3.13/site-packages/django/template/base.py", line 1016, in render
    return SafeString("".join([node.render_annotated(context) for node in self]))
                               ~~~~~~~~~~~~~~~~~~~~~^^^^^^^^^
  File "/home/t0myam/.pyenv/versions/private/lib/python3.13/site-packages/django/template/base.py", line 977, in render_annotated
    return self.render(context)
           ~~~~~~~~~~~^^^^^^^^^
  File "/home/t0myam/.pyenv/versions/private/lib/python3.13/site-packages/django/template/defaulttags.py", line 480, in render
    url = reverse(view_name, args=args, kwargs=kwargs, current_app=current_app)
  File "/home/t0myam/.pyenv/versions/private/lib/python3.13/site-packages/django/urls/base.py", line 92, in reverse
    raise NoReverseMatch("%s is not a registered namespace" % key)
django.urls.exceptions.NoReverseMatch: 'dashboard' is not a registered namespace
ERROR 2025-07-08 05:27:32,105 basehttp 41914 140110331864768 "GET /auth/login/?next=/ HTTP/1.1" 500 163843
INFO 2025-07-08 05:29:58,127 autoreload 42553 140366077594496 Watching for file changes with StatReloader
INFO 2025-07-08 05:30:29,790 autoreload 42553 140366077594496 /home/t0myam/projects/private-django/credentials_manager/core/urls.py changed, reloading.
INFO 2025-07-08 05:30:34,718 autoreload 42665 140481349880704 Watching for file changes with StatReloader
ERROR 2025-07-08 05:30:42,195 log 42665 140481250940608 Internal Server Error: /auth/login/
Traceback (most recent call last):
  File "/home/t0myam/.pyenv/versions/private/lib/python3.13/site-packages/django/core/handlers/exception.py", line 55, in inner
    response = get_response(request)
  File "/home/t0myam/.pyenv/versions/private/lib/python3.13/site-packages/django/core/handlers/base.py", line 197, in _get_response
    response = wrapped_callback(request, *callback_args, **callback_kwargs)
  File "/home/t0myam/projects/private-django/credentials_manager/apps/authentication/views.py", line 49, in login_view
    return render(request, 'authentication/login.html', {'form': form})
  File "/home/t0myam/.pyenv/versions/private/lib/python3.13/site-packages/django/shortcuts.py", line 25, in render
    content = loader.render_to_string(template_name, context, request, using=using)
  File "/home/t0myam/.pyenv/versions/private/lib/python3.13/site-packages/django/template/loader.py", line 62, in render_to_string
    return template.render(context, request)
           ~~~~~~~~~~~~~~~^^^^^^^^^^^^^^^^^^
  File "/home/t0myam/.pyenv/versions/private/lib/python3.13/site-packages/django/template/backends/django.py", line 107, in render
    return self.template.render(context)
           ~~~~~~~~~~~~~~~~~~~~^^^^^^^^^
  File "/home/t0myam/.pyenv/versions/private/lib/python3.13/site-packages/django/template/base.py", line 171, in render
    return self._render(context)
           ~~~~~~~~~~~~^^^^^^^^^
  File "/home/t0myam/.pyenv/versions/private/lib/python3.13/site-packages/django/test/utils.py", line 114, in instrumented_test_render
    return self.nodelist.render(context)
           ~~~~~~~~~~~~~~~~~~~~^^^^^^^^^
  File "/home/t0myam/.pyenv/versions/private/lib/python3.13/site-packages/django/template/base.py", line 1016, in render
    return SafeString("".join([node.render_annotated(context) for node in self]))
                               ~~~~~~~~~~~~~~~~~~~~~^^^^^^^^^
  File "/home/t0myam/.pyenv/versions/private/lib/python3.13/site-packages/django/template/base.py", line 977, in render_annotated
    return self.render(context)
           ~~~~~~~~~~~^^^^^^^^^
  File "/home/t0myam/.pyenv/versions/private/lib/python3.13/site-packages/django/template/loader_tags.py", line 159, in render
    return compiled_parent._render(context)
           ~~~~~~~~~~~~~~~~~~~~~~~^^^^^^^^^
  File "/home/t0myam/.pyenv/versions/private/lib/python3.13/site-packages/django/test/utils.py", line 114, in instrumented_test_render
    return self.nodelist.render(context)
           ~~~~~~~~~~~~~~~~~~~~^^^^^^^^^
  File "/home/t0myam/.pyenv/versions/private/lib/python3.13/site-packages/django/template/base.py", line 1016, in render
    return SafeString("".join([node.render_annotated(context) for node in self]))
                               ~~~~~~~~~~~~~~~~~~~~~^^^^^^^^^
  File "/home/t0myam/.pyenv/versions/private/lib/python3.13/site-packages/django/template/base.py", line 977, in render_annotated
    return self.render(context)
           ~~~~~~~~~~~^^^^^^^^^
  File "/home/t0myam/.pyenv/versions/private/lib/python3.13/site-packages/django/template/defaulttags.py", line 480, in render
    url = reverse(view_name, args=args, kwargs=kwargs, current_app=current_app)
  File "/home/t0myam/.pyenv/versions/private/lib/python3.13/site-packages/django/urls/base.py", line 98, in reverse
    resolved_url = resolver._reverse_with_prefix(view, prefix, *args, **kwargs)
  File "/home/t0myam/.pyenv/versions/private/lib/python3.13/site-packages/django/urls/resolvers.py", line 831, in _reverse_with_prefix
    raise NoReverseMatch(msg)
django.urls.exceptions.NoReverseMatch: Reverse for 'home' not found. 'home' is not a valid view function or pattern name.
ERROR 2025-07-08 05:30:42,599 basehttp 42665 140481250940608 "GET /auth/login/?next=/ HTTP/1.1" 500 162244
INFO 2025-07-08 05:35:00,841 autoreload 43937 140665036397440 Watching for file changes with StatReloader
INFO 2025-07-08 05:35:27,417 basehttp 43937 140664876562112 "GET /auth/login/?next=/ HTTP/1.1" 200 23308
INFO 2025-07-08 05:35:27,521 basehttp 43937 140664876562112 "GET /static/frontend/css/main.css HTTP/1.1" 304 0
INFO 2025-07-08 05:35:27,527 basehttp 43937 140664868169408 "GET /static/frontend/js/main.js HTTP/1.1" 304 0
INFO 2025-07-08 05:35:32,068 basehttp 43937 140664868169408 "POST /auth/login/?next=/ HTTP/1.1" 302 0
ERROR 2025-07-08 05:35:32,714 log 43937 140664868169408 Internal Server Error: /dashboard/
Traceback (most recent call last):
  File "/home/t0myam/.pyenv/versions/private/lib/python3.13/site-packages/django/core/handlers/exception.py", line 55, in inner
    response = get_response(request)
  File "/home/t0myam/.pyenv/versions/private/lib/python3.13/site-packages/django/core/handlers/base.py", line 197, in _get_response
    response = wrapped_callback(request, *callback_args, **callback_kwargs)
  File "/home/t0myam/.pyenv/versions/private/lib/python3.13/site-packages/django/contrib/auth/decorators.py", line 59, in _view_wrapper
    return view_func(request, *args, **kwargs)
  File "/home/t0myam/projects/private-django/credentials_manager/apps/frontend/views.py", line 43, in dashboard
    return render(request, 'dashboard/dashboard.html', context)
  File "/home/t0myam/.pyenv/versions/private/lib/python3.13/site-packages/django/shortcuts.py", line 25, in render
    content = loader.render_to_string(template_name, context, request, using=using)
  File "/home/t0myam/.pyenv/versions/private/lib/python3.13/site-packages/django/template/loader.py", line 61, in render_to_string
    template = get_template(template_name, using=using)
  File "/home/t0myam/.pyenv/versions/private/lib/python3.13/site-packages/django/template/loader.py", line 19, in get_template
    raise TemplateDoesNotExist(template_name, chain=chain)
django.template.exceptions.TemplateDoesNotExist: dashboard/dashboard.html
ERROR 2025-07-08 05:35:33,077 basehttp 43937 140664868169408 "GET /dashboard/ HTTP/1.1" 500 114423
INFO 2025-07-08 05:36:05,503 autoreload 43937 140665036397440 /home/t0myam/projects/private-django/credentials_manager/apps/frontend/views.py changed, reloading.
INFO 2025-07-08 05:36:09,926 autoreload 44162 140652524444544 Watching for file changes with StatReloader
ERROR 2025-07-08 05:36:12,997 log 44162 140652434122432 Internal Server Error: /dashboard/
Traceback (most recent call last):
  File "/home/t0myam/.pyenv/versions/private/lib/python3.13/site-packages/django/urls/base.py", line 81, in reverse
    extra, resolver = resolver.namespace_dict[ns]
                      ~~~~~~~~~~~~~~~~~~~~~~~^^^^
KeyError: 'frontend'

During handling of the above exception, another exception occurred:

Traceback (most recent call last):
  File "/home/t0myam/.pyenv/versions/private/lib/python3.13/site-packages/django/core/handlers/exception.py", line 55, in inner
    response = get_response(request)
  File "/home/t0myam/.pyenv/versions/private/lib/python3.13/site-packages/django/core/handlers/base.py", line 197, in _get_response
    response = wrapped_callback(request, *callback_args, **callback_kwargs)
  File "/home/t0myam/.pyenv/versions/private/lib/python3.13/site-packages/django/contrib/auth/decorators.py", line 59, in _view_wrapper
    return view_func(request, *args, **kwargs)
  File "/home/t0myam/projects/private-django/credentials_manager/apps/frontend/views.py", line 43, in dashboard
    return render(request, 'dashboard/home.html', context)
  File "/home/t0myam/.pyenv/versions/private/lib/python3.13/site-packages/django/shortcuts.py", line 25, in render
    content = loader.render_to_string(template_name, context, request, using=using)
  File "/home/t0myam/.pyenv/versions/private/lib/python3.13/site-packages/django/template/loader.py", line 62, in render_to_string
    return template.render(context, request)
           ~~~~~~~~~~~~~~~^^^^^^^^^^^^^^^^^^
  File "/home/t0myam/.pyenv/versions/private/lib/python3.13/site-packages/django/template/backends/django.py", line 107, in render
    return self.template.render(context)
           ~~~~~~~~~~~~~~~~~~~~^^^^^^^^^
  File "/home/t0myam/.pyenv/versions/private/lib/python3.13/site-packages/django/template/base.py", line 171, in render
    return self._render(context)
           ~~~~~~~~~~~~^^^^^^^^^
  File "/home/t0myam/.pyenv/versions/private/lib/python3.13/site-packages/django/test/utils.py", line 114, in instrumented_test_render
    return self.nodelist.render(context)
           ~~~~~~~~~~~~~~~~~~~~^^^^^^^^^
  File "/home/t0myam/.pyenv/versions/private/lib/python3.13/site-packages/django/template/base.py", line 1016, in render
    return SafeString("".join([node.render_annotated(context) for node in self]))
                               ~~~~~~~~~~~~~~~~~~~~~^^^^^^^^^
  File "/home/t0myam/.pyenv/versions/private/lib/python3.13/site-packages/django/template/base.py", line 977, in render_annotated
    return self.render(context)
           ~~~~~~~~~~~^^^^^^^^^
  File "/home/t0myam/.pyenv/versions/private/lib/python3.13/site-packages/django/template/loader_tags.py", line 159, in render
    return compiled_parent._render(context)
           ~~~~~~~~~~~~~~~~~~~~~~~^^^^^^^^^
  File "/home/t0myam/.pyenv/versions/private/lib/python3.13/site-packages/django/test/utils.py", line 114, in instrumented_test_render
    return self.nodelist.render(context)
           ~~~~~~~~~~~~~~~~~~~~^^^^^^^^^
  File "/home/t0myam/.pyenv/versions/private/lib/python3.13/site-packages/django/template/base.py", line 1016, in render
    return SafeString("".join([node.render_annotated(context) for node in self]))
                               ~~~~~~~~~~~~~~~~~~~~~^^^^^^^^^
  File "/home/t0myam/.pyenv/versions/private/lib/python3.13/site-packages/django/template/base.py", line 977, in render_annotated
    return self.render(context)
           ~~~~~~~~~~~^^^^^^^^^
  File "/home/t0myam/.pyenv/versions/private/lib/python3.13/site-packages/django/template/loader_tags.py", line 65, in render
    result = block.nodelist.render(context)
  File "/home/t0myam/.pyenv/versions/private/lib/python3.13/site-packages/django/template/base.py", line 1016, in render
    return SafeString("".join([node.render_annotated(context) for node in self]))
                               ~~~~~~~~~~~~~~~~~~~~~^^^^^^^^^
  File "/home/t0myam/.pyenv/versions/private/lib/python3.13/site-packages/django/template/base.py", line 977, in render_annotated
    return self.render(context)
           ~~~~~~~~~~~^^^^^^^^^
  File "/home/t0myam/.pyenv/versions/private/lib/python3.13/site-packages/django/template/defaulttags.py", line 480, in render
    url = reverse(view_name, args=args, kwargs=kwargs, current_app=current_app)
  File "/home/t0myam/.pyenv/versions/private/lib/python3.13/site-packages/django/urls/base.py", line 92, in reverse
    raise NoReverseMatch("%s is not a registered namespace" % key)
django.urls.exceptions.NoReverseMatch: 'frontend' is not a registered namespace
ERROR 2025-07-08 05:36:14,139 basehttp 44162 140652434122432 "GET /dashboard/ HTTP/1.1" 500 199369
ERROR 2025-07-08 05:36:15,560 log 44162 140652434122432 Internal Server Error: /dashboard/
Traceback (most recent call last):
  File "/home/t0myam/.pyenv/versions/private/lib/python3.13/site-packages/django/urls/base.py", line 81, in reverse
    extra, resolver = resolver.namespace_dict[ns]
                      ~~~~~~~~~~~~~~~~~~~~~~~^^^^
KeyError: 'frontend'

During handling of the above exception, another exception occurred:

Traceback (most recent call last):
  File "/home/t0myam/.pyenv/versions/private/lib/python3.13/site-packages/django/core/handlers/exception.py", line 55, in inner
    response = get_response(request)
  File "/home/t0myam/.pyenv/versions/private/lib/python3.13/site-packages/django/core/handlers/base.py", line 197, in _get_response
    response = wrapped_callback(request, *callback_args, **callback_kwargs)
  File "/home/t0myam/.pyenv/versions/private/lib/python3.13/site-packages/django/contrib/auth/decorators.py", line 59, in _view_wrapper
    return view_func(request, *args, **kwargs)
  File "/home/t0myam/projects/private-django/credentials_manager/apps/frontend/views.py", line 43, in dashboard
    return render(request, 'dashboard/home.html', context)
  File "/home/t0myam/.pyenv/versions/private/lib/python3.13/site-packages/django/shortcuts.py", line 25, in render
    content = loader.render_to_string(template_name, context, request, using=using)
  File "/home/t0myam/.pyenv/versions/private/lib/python3.13/site-packages/django/template/loader.py", line 62, in render_to_string
    return template.render(context, request)
           ~~~~~~~~~~~~~~~^^^^^^^^^^^^^^^^^^
  File "/home/t0myam/.pyenv/versions/private/lib/python3.13/site-packages/django/template/backends/django.py", line 107, in render
    return self.template.render(context)
           ~~~~~~~~~~~~~~~~~~~~^^^^^^^^^
  File "/home/t0myam/.pyenv/versions/private/lib/python3.13/site-packages/django/template/base.py", line 171, in render
    return self._render(context)
           ~~~~~~~~~~~~^^^^^^^^^
  File "/home/t0myam/.pyenv/versions/private/lib/python3.13/site-packages/django/test/utils.py", line 114, in instrumented_test_render
    return self.nodelist.render(context)
           ~~~~~~~~~~~~~~~~~~~~^^^^^^^^^
  File "/home/t0myam/.pyenv/versions/private/lib/python3.13/site-packages/django/template/base.py", line 1016, in render
    return SafeString("".join([node.render_annotated(context) for node in self]))
                               ~~~~~~~~~~~~~~~~~~~~~^^^^^^^^^
  File "/home/t0myam/.pyenv/versions/private/lib/python3.13/site-packages/django/template/base.py", line 977, in render_annotated
    return self.render(context)
           ~~~~~~~~~~~^^^^^^^^^
  File "/home/t0myam/.pyenv/versions/private/lib/python3.13/site-packages/django/template/loader_tags.py", line 159, in render
    return compiled_parent._render(context)
           ~~~~~~~~~~~~~~~~~~~~~~~^^^^^^^^^
  File "/home/t0myam/.pyenv/versions/private/lib/python3.13/site-packages/django/test/utils.py", line 114, in instrumented_test_render
    return self.nodelist.render(context)
           ~~~~~~~~~~~~~~~~~~~~^^^^^^^^^
  File "/home/t0myam/.pyenv/versions/private/lib/python3.13/site-packages/django/template/base.py", line 1016, in render
    return SafeString("".join([node.render_annotated(context) for node in self]))
                               ~~~~~~~~~~~~~~~~~~~~~^^^^^^^^^
  File "/home/t0myam/.pyenv/versions/private/lib/python3.13/site-packages/django/template/base.py", line 977, in render_annotated
    return self.render(context)
           ~~~~~~~~~~~^^^^^^^^^
  File "/home/t0myam/.pyenv/versions/private/lib/python3.13/site-packages/django/template/loader_tags.py", line 65, in render
    result = block.nodelist.render(context)
  File "/home/t0myam/.pyenv/versions/private/lib/python3.13/site-packages/django/template/base.py", line 1016, in render
    return SafeString("".join([node.render_annotated(context) for node in self]))
                               ~~~~~~~~~~~~~~~~~~~~~^^^^^^^^^
  File "/home/t0myam/.pyenv/versions/private/lib/python3.13/site-packages/django/template/base.py", line 977, in render_annotated
    return self.render(context)
           ~~~~~~~~~~~^^^^^^^^^
  File "/home/t0myam/.pyenv/versions/private/lib/python3.13/site-packages/django/template/defaulttags.py", line 480, in render
    url = reverse(view_name, args=args, kwargs=kwargs, current_app=current_app)
  File "/home/t0myam/.pyenv/versions/private/lib/python3.13/site-packages/django/urls/base.py", line 92, in reverse
    raise NoReverseMatch("%s is not a registered namespace" % key)
django.urls.exceptions.NoReverseMatch: 'frontend' is not a registered namespace
ERROR 2025-07-08 05:36:16,084 basehttp 44162 140652434122432 "GET /dashboard/ HTTP/1.1" 500 198983
INFO 2025-07-08 05:40:26,849 autoreload 45109 140510097398656 Watching for file changes with StatReloader
WARNING 2025-07-08 05:40:39,618 log 45109 140510006044352 Not Found: /dashboard/
WARNING 2025-07-08 05:40:39,619 basehttp 45109 140510006044352 "GET /dashboard/ HTTP/1.1" 404 21193
INFO 2025-07-08 05:41:23,075 autoreload 45109 140510097398656 /home/t0myam/projects/private-django/credentials_manager/core/urls.py changed, reloading.
INFO 2025-07-08 05:41:25,234 autoreload 45283 140635437271936 Watching for file changes with StatReloader
WARNING 2025-07-08 05:41:28,130 log 45283 140635338135232 Not Found: /dashboard/
WARNING 2025-07-08 05:41:28,132 basehttp 45283 140635338135232 "GET /dashboard/ HTTP/1.1" 404 21330
INFO 2025-07-08 05:41:36,543 autoreload 45283 140635437271936 /home/t0myam/projects/private-django/credentials_manager/core/urls.py changed, reloading.
INFO 2025-07-08 05:41:37,786 autoreload 45343 139879945698176 Watching for file changes with StatReloader
INFO 2025-07-08 05:41:43,378 autoreload 45343 139879945698176 /home/t0myam/projects/private-django/credentials_manager/apps/frontend/urls.py changed, reloading.
INFO 2025-07-08 05:41:48,658 autoreload 45376 140560995097472 Watching for file changes with StatReloader
WARNING 2025-07-08 05:41:49,677 log 45376 140560903923392 Not Found: /dashboard/
WARNING 2025-07-08 05:41:49,678 basehttp 45376 140560903923392 "GET /dashboard/ HTTP/1.1" 404 21200
INFO 2025-07-08 05:49:32,625 autoreload 47189 140601682791296 Watching for file changes with StatReloader
INFO 2025-07-08 05:49:43,253 basehttp 47189 140601583425216 "GET /dashboard/ HTTP/1.1" 200 37000
INFO 2025-07-08 05:49:50,090 basehttp 47189 140601583425216 "GET /dashboard/credentials/3/ HTTP/1.1" 200 31261
INFO 2025-07-08 05:54:42,789 autoreload 48397 140258601139072 Watching for file changes with StatReloader
WARNING 2025-07-08 05:55:00,305 log 48397 140258510333632 Not Found: /.well-known/appspecific/com.chrome.devtools.json
WARNING 2025-07-08 05:55:00,305 basehttp 48397 140258510333632 "GET /.well-known/appspecific/com.chrome.devtools.json HTTP/1.1" 404 17435
WARNING 2025-07-08 05:55:00,356 log 48397 140258510333632 Not Found: /.well-known/appspecific/com.chrome.devtools.json
WARNING 2025-07-08 05:55:00,357 basehttp 48397 140258510333632 "GET /.well-known/appspecific/com.chrome.devtools.json HTTP/1.1" 404 17435
INFO 2025-07-08 05:55:01,704 basehttp 48397 140258510333632 "GET /dashboard/ HTTP/1.1" 200 36986
INFO 2025-07-08 05:55:01,778 basehttp 48397 140258500892352 "GET /static/frontend/css/main.css HTTP/1.1" 200 19501
INFO 2025-07-08 05:55:01,788 basehttp 48397 140258500892352 "GET /static/debug_toolbar/css/toolbar.css HTTP/1.1" 200 29444
WARNING 2025-07-08 05:55:01,820 log 48397 140258510333632 Not Found: /.well-known/appspecific/com.chrome.devtools.json
WARNING 2025-07-08 05:55:01,821 basehttp 48397 140258510333632 "GET /.well-known/appspecific/com.chrome.devtools.json HTTP/1.1" 404 17435
INFO 2025-07-08 05:55:01,826 basehttp 48397 140258510333632 "GET /static/frontend/js/main.js HTTP/1.1" 200 23119
INFO 2025-07-08 05:55:01,837 basehttp 48397 140258500892352 "GET /static/debug_toolbar/js/toolbar.js HTTP/1.1" 200 14803
INFO 2025-07-08 05:55:01,894 basehttp 48397 140258510333632 "GET /static/debug_toolbar/css/print.css HTTP/1.1" 200 43
INFO 2025-07-08 05:55:01,907 basehttp 48397 140258500892352 "GET /static/debug_toolbar/js/utils.js HTTP/1.1" 200 4692
INFO 2025-07-08 05:55:04,001 basehttp 48397 140258500892352 "GET /dashboard/credentials/3/ HTTP/1.1" 200 31282
INFO 2025-07-08 05:55:04,047 basehttp 48397 140258510333632 "GET /static/frontend/css/main.css HTTP/1.1" 200 19501
WARNING 2025-07-08 05:55:04,079 log 48397 140258500892352 Not Found: /.well-known/appspecific/com.chrome.devtools.json
INFO 2025-07-08 05:55:04,080 basehttp 48397 140258490402496 "GET /static/frontend/js/main.js HTTP/1.1" 200 23119
WARNING 2025-07-08 05:55:04,081 basehttp 48397 140258500892352 "GET /.well-known/appspecific/com.chrome.devtools.json HTTP/1.1" 404 17435
INFO 2025-07-08 05:55:04,081 basehttp 48397 140258129737408 "GET /static/debug_toolbar/js/toolbar.js HTTP/1.1" 200 14803
INFO 2025-07-08 05:55:04,089 basehttp 48397 140258482009792 "GET /static/debug_toolbar/css/toolbar.css HTTP/1.1" 200 29444
INFO 2025-07-08 05:55:04,135 basehttp 48397 140258500892352 "GET /static/debug_toolbar/css/print.css HTTP/1.1" 200 43
INFO 2025-07-08 05:55:04,156 basehttp 48397 140258510333632 "GET /static/debug_toolbar/js/utils.js HTTP/1.1" 200 4692
INFO 2025-07-08 05:55:20,626 basehttp 48397 140258510333632 "GET /static/frontend/css/main.css HTTP/1.1" 304 0
WARNING 2025-07-08 05:55:20,691 log 48397 140258510333632 Not Found: /.well-known/appspecific/com.chrome.devtools.json
WARNING 2025-07-08 05:55:20,692 basehttp 48397 140258510333632 "GET /.well-known/appspecific/com.chrome.devtools.json HTTP/1.1" 404 17435
INFO 2025-07-08 05:56:21,214 basehttp 48397 140258510333632 "GET /dashboard/notes/ HTTP/1.1" 200 26620
INFO 2025-07-08 05:56:21,309 basehttp 48397 140258482009792 "GET /static/frontend/js/main.js HTTP/1.1" 200 23119
INFO 2025-07-08 05:56:21,311 basehttp 48397 140258129737408 "GET /static/debug_toolbar/js/toolbar.js HTTP/1.1" 200 14803
WARNING 2025-07-08 05:56:21,311 log 48397 140258510333632 Not Found: /.well-known/appspecific/com.chrome.devtools.json
INFO 2025-07-08 05:56:21,312 basehttp 48397 140258500892352 "GET /static/frontend/css/main.css HTTP/1.1" 200 19501
WARNING 2025-07-08 05:56:21,313 basehttp 48397 140258510333632 "GET /.well-known/appspecific/com.chrome.devtools.json HTTP/1.1" 404 17435
INFO 2025-07-08 05:56:21,313 basehttp 48397 140258490402496 "GET /static/debug_toolbar/css/toolbar.css HTTP/1.1" 200 29444
INFO 2025-07-08 05:56:21,425 basehttp 48397 140258500892352 "GET /static/debug_toolbar/css/print.css HTTP/1.1" 200 43
INFO 2025-07-08 05:56:21,433 basehttp 48397 140258510333632 "GET /static/debug_toolbar/js/utils.js HTTP/1.1" 200 4692
INFO 2025-07-08 05:59:54,499 basehttp 48397 140258500892352 "GET /dashboard/ HTTP/1.1" 200 36973
INFO 2025-07-08 05:59:54,706 basehttp 48397 140258510333632 "GET /static/frontend/css/main.css HTTP/1.1" 200 19501
INFO 2025-07-08 05:59:54,715 basehttp 48397 140258490402496 "GET /static/frontend/js/main.js HTTP/1.1" 200 23488
INFO 2025-07-08 05:59:54,729 basehttp 48397 140258482009792 "GET /static/debug_toolbar/js/toolbar.js HTTP/1.1" 200 14803
INFO 2025-07-08 05:59:54,742 basehttp 48397 140258129737408 "GET /static/debug_toolbar/css/toolbar.css HTTP/1.1" 200 29444
WARNING 2025-07-08 05:59:54,853 log 48397 140258500892352 Not Found: /.well-known/appspecific/com.chrome.devtools.json
WARNING 2025-07-08 05:59:54,854 basehttp 48397 140258500892352 "GET /.well-known/appspecific/com.chrome.devtools.json HTTP/1.1" 404 17437
INFO 2025-07-08 05:59:54,879 basehttp 48397 140258500892352 "GET /static/debug_toolbar/css/print.css HTTP/1.1" 200 43
INFO 2025-07-08 05:59:54,912 basehttp 48397 140258510333632 "GET /static/debug_toolbar/js/utils.js HTTP/1.1" 200 4692
INFO 2025-07-08 05:59:57,302 basehttp 48397 140258500892352 "GET /dashboard/credentials/3/ HTTP/1.1" 200 31422
INFO 2025-07-08 05:59:57,472 basehttp 48397 140258490402496 "GET /static/debug_toolbar/js/toolbar.js HTTP/1.1" 200 14803
INFO 2025-07-08 05:59:57,475 basehttp 48397 140258510333632 "GET /static/frontend/css/main.css HTTP/1.1" 200 19501
INFO 2025-07-08 05:59:57,477 basehttp 48397 140258129737408 "GET /static/frontend/js/main.js HTTP/1.1" 200 23488
INFO 2025-07-08 05:59:57,478 basehttp 48397 140258482009792 "GET /static/debug_toolbar/css/toolbar.css HTTP/1.1" 200 29444
WARNING 2025-07-08 05:59:57,525 log 48397 140258500892352 Not Found: /.well-known/appspecific/com.chrome.devtools.json
WARNING 2025-07-08 05:59:57,528 basehttp 48397 140258500892352 "GET /.well-known/appspecific/com.chrome.devtools.json HTTP/1.1" 404 17435
INFO 2025-07-08 05:59:57,603 basehttp 48397 140258500892352 "GET /static/debug_toolbar/css/print.css HTTP/1.1" 200 43
INFO 2025-07-08 05:59:57,636 basehttp 48397 140258500892352 "GET /static/debug_toolbar/js/utils.js HTTP/1.1" 200 4692
INFO 2025-07-08 06:00:20,003 basehttp 48397 140258500892352 "GET /dashboard/notes/ HTTP/1.1" 200 26623
INFO 2025-07-08 06:00:20,170 basehttp 48397 140258510333632 "GET /static/frontend/css/main.css HTTP/1.1" 200 19501
INFO 2025-07-08 06:00:20,183 basehttp 48397 140258129737408 "GET /static/frontend/js/main.js HTTP/1.1" 200 23488
INFO 2025-07-08 06:00:20,220 basehttp 48397 140258482009792 "GET /static/debug_toolbar/css/toolbar.css HTTP/1.1" 200 29444
INFO 2025-07-08 06:00:20,234 basehttp 48397 140258490402496 "GET /static/debug_toolbar/js/toolbar.js HTTP/1.1" 200 14803
INFO 2025-07-08 06:00:20,320 basehttp 48397 140258482009792 "GET /static/debug_toolbar/css/print.css HTTP/1.1" 200 43
INFO 2025-07-08 06:00:20,361 basehttp 48397 140258490402496 "GET /static/debug_toolbar/js/utils.js HTTP/1.1" 200 4692
WARNING 2025-07-08 06:00:20,380 log 48397 140258500892352 Not Found: /.well-known/appspecific/com.chrome.devtools.json
WARNING 2025-07-08 06:00:20,381 basehttp 48397 140258500892352 "GET /.well-known/appspecific/com.chrome.devtools.json HTTP/1.1" 404 17437
INFO 2025-07-08 06:00:23,966 basehttp 48397 140258500892352 "GET /dashboard/credentials/ HTTP/1.1" 200 35913
INFO 2025-07-08 06:00:24,160 basehttp 48397 140258482009792 "GET /static/frontend/css/main.css HTTP/1.1" 200 19501
INFO 2025-07-08 06:00:24,162 basehttp 48397 140258510333632 "GET /static/debug_toolbar/js/toolbar.js HTTP/1.1" 200 14803
INFO 2025-07-08 06:00:24,163 basehttp 48397 140258490402496 "GET /static/frontend/js/main.js HTTP/1.1" 200 23488
INFO 2025-07-08 06:00:24,345 basehttp 48397 140258129737408 "GET /static/debug_toolbar/css/toolbar.css HTTP/1.1" 200 29444
WARNING 2025-07-08 06:00:24,507 log 48397 140258500892352 Not Found: /.well-known/appspecific/com.chrome.devtools.json
WARNING 2025-07-08 06:00:24,508 basehttp 48397 140258500892352 "GET /.well-known/appspecific/com.chrome.devtools.json HTTP/1.1" 404 17437
INFO 2025-07-08 06:00:24,559 basehttp 48397 140258510333632 "GET /static/debug_toolbar/css/print.css HTTP/1.1" 200 43
INFO 2025-07-08 06:00:24,598 basehttp 48397 140258500892352 "GET /static/debug_toolbar/js/utils.js HTTP/1.1" 200 4692
INFO 2025-07-08 06:00:29,386 basehttp 48397 140258510333632 "GET /dashboard/ HTTP/1.1" 200 36970
INFO 2025-07-08 06:00:29,622 basehttp 48397 140258482009792 "GET /static/frontend/js/main.js HTTP/1.1" 200 23488
INFO 2025-07-08 06:00:29,625 basehttp 48397 140258129737408 "GET /static/frontend/css/main.css HTTP/1.1" 200 19501
INFO 2025-07-08 06:00:29,628 basehttp 48397 140258490402496 "GET /static/debug_toolbar/css/toolbar.css HTTP/1.1" 200 29444
WARNING 2025-07-08 06:00:29,628 log 48397 140258510333632 Not Found: /.well-known/appspecific/com.chrome.devtools.json
WARNING 2025-07-08 06:00:29,630 basehttp 48397 140258510333632 "GET /.well-known/appspecific/com.chrome.devtools.json HTTP/1.1" 404 17437
INFO 2025-07-08 06:00:29,646 basehttp 48397 140258490402496 "GET /static/debug_toolbar/js/toolbar.js HTTP/1.1" 200 14803
INFO 2025-07-08 06:00:29,757 basehttp 48397 140258490402496 "GET /static/debug_toolbar/css/print.css HTTP/1.1" 200 43
INFO 2025-07-08 06:00:29,801 basehttp 48397 140258490402496 "GET /static/debug_toolbar/js/utils.js HTTP/1.1" 200 4692
INFO 2025-07-08 06:03:40,076 basehttp 48397 140258490402496 "GET /dashboard/credentials/add/ HTTP/1.1" 200 31791
INFO 2025-07-08 06:03:40,229 basehttp 48397 140258482009792 "GET /static/frontend/css/main.css HTTP/1.1" 200 19501
INFO 2025-07-08 06:03:40,230 basehttp 48397 140258510333632 "GET /static/debug_toolbar/css/toolbar.css HTTP/1.1" 200 29444
WARNING 2025-07-08 06:03:40,232 log 48397 140258490402496 Not Found: /.well-known/appspecific/com.chrome.devtools.json
INFO 2025-07-08 06:03:40,232 basehttp 48397 140258129737408 "GET /static/frontend/js/main.js HTTP/1.1" 200 23488
WARNING 2025-07-08 06:03:40,233 basehttp 48397 140258490402496 "GET /.well-known/appspecific/com.chrome.devtools.json HTTP/1.1" 404 17437
INFO 2025-07-08 06:03:40,281 basehttp 48397 140258482009792 "GET /static/debug_toolbar/js/toolbar.js HTTP/1.1" 200 14803
INFO 2025-07-08 06:03:40,314 basehttp 48397 140258490402496 "GET /static/debug_toolbar/css/print.css HTTP/1.1" 200 43
INFO 2025-07-08 06:03:40,335 basehttp 48397 140258482009792 "GET /static/debug_toolbar/js/utils.js HTTP/1.1" 200 4692
INFO 2025-07-08 06:04:26,083 basehttp 48397 140258482009792 "POST /dashboard/credentials/add/ HTTP/1.1" 302 0
INFO 2025-07-08 06:04:26,200 basehttp 48397 140258482009792 "GET /dashboard/credentials/4/ HTTP/1.1" 200 33479
INFO 2025-07-08 06:04:26,311 basehttp 48397 140258490402496 "GET /static/frontend/css/main.css HTTP/1.1" 200 19501
WARNING 2025-07-08 06:04:26,313 log 48397 140258482009792 Not Found: /.well-known/appspecific/com.chrome.devtools.json
WARNING 2025-07-08 06:04:26,315 basehttp 48397 140258482009792 "GET /.well-known/appspecific/com.chrome.devtools.json HTTP/1.1" 404 17435
INFO 2025-07-08 06:04:26,315 basehttp 48397 140258500892352 "GET /static/debug_toolbar/js/toolbar.js HTTP/1.1" 200 14803
INFO 2025-07-08 06:04:26,316 basehttp 48397 140258510333632 "GET /static/frontend/js/main.js HTTP/1.1" 200 23488
INFO 2025-07-08 06:04:26,316 basehttp 48397 140258129737408 "GET /static/debug_toolbar/css/toolbar.css HTTP/1.1" 200 29444
INFO 2025-07-08 06:04:26,438 basehttp 48397 140258482009792 "GET /static/debug_toolbar/css/print.css HTTP/1.1" 200 43
INFO 2025-07-08 06:04:26,444 basehttp 48397 140258129737408 "GET /static/debug_toolbar/js/utils.js HTTP/1.1" 200 4692
INFO 2025-07-08 06:04:50,999 basehttp 48397 140258129737408 "GET /dashboard/ HTTP/1.1" 200 38087
WARNING 2025-07-08 06:04:51,074 log 48397 140258129737408 Not Found: /.well-known/appspecific/com.chrome.devtools.json
WARNING 2025-07-08 06:04:51,081 basehttp 48397 140258129737408 "GET /.well-known/appspecific/com.chrome.devtools.json HTTP/1.1" 404 17435
INFO 2025-07-08 06:04:51,087 basehttp 48397 140258482009792 "GET /static/frontend/css/main.css HTTP/1.1" 200 19501
INFO 2025-07-08 06:04:51,089 basehttp 48397 140258500892352 "GET /static/debug_toolbar/js/toolbar.js HTTP/1.1" 200 14803
INFO 2025-07-08 06:04:51,091 basehttp 48397 140258490402496 "GET /static/frontend/js/main.js HTTP/1.1" 200 23488
INFO 2025-07-08 06:04:51,092 basehttp 48397 140258510333632 "GET /static/debug_toolbar/css/toolbar.css HTTP/1.1" 200 29444
INFO 2025-07-08 06:04:51,222 basehttp 48397 140258510333632 "GET /static/debug_toolbar/css/print.css HTTP/1.1" 200 43
INFO 2025-07-08 06:04:51,240 basehttp 48397 140258490402496 "GET /static/debug_toolbar/js/utils.js HTTP/1.1" 200 4692
INFO 2025-07-08 06:04:58,942 basehttp 48397 140258490402496 "GET /dashboard/credentials/4/ HTTP/1.1" 200 32939
WARNING 2025-07-08 06:04:59,026 log 48397 140258490402496 Not Found: /.well-known/appspecific/com.chrome.devtools.json
WARNING 2025-07-08 06:04:59,030 basehttp 48397 140258490402496 "GET /.well-known/appspecific/com.chrome.devtools.json HTTP/1.1" 404 17435
INFO 2025-07-08 06:04:59,031 basehttp 48397 140258482009792 "GET /static/frontend/js/main.js HTTP/1.1" 200 23488
INFO 2025-07-08 06:04:59,032 basehttp 48397 140258500892352 "GET /static/debug_toolbar/js/toolbar.js HTTP/1.1" 200 14803
INFO 2025-07-08 06:04:59,033 basehttp 48397 140258510333632 "GET /static/frontend/css/main.css HTTP/1.1" 200 19501
INFO 2025-07-08 06:04:59,034 basehttp 48397 140258129737408 "GET /static/debug_toolbar/css/toolbar.css HTTP/1.1" 200 29444
INFO 2025-07-08 06:04:59,108 basehttp 48397 140258510333632 "GET /static/debug_toolbar/css/print.css HTTP/1.1" 200 43
INFO 2025-07-08 06:04:59,118 basehttp 48397 140258129737408 "GET /static/debug_toolbar/js/utils.js HTTP/1.1" 200 4692
WARNING 2025-07-08 06:05:05,679 log 48397 140258129737408 Not Found: /.well-known/appspecific/com.chrome.devtools.json
WARNING 2025-07-08 06:05:05,680 basehttp 48397 140258129737408 "GET /.well-known/appspecific/com.chrome.devtools.json HTTP/1.1" 404 17435
WARNING 2025-07-08 06:05:05,719 log 48397 140258129737408 Not Found: /.well-known/appspecific/com.chrome.devtools.json
WARNING 2025-07-08 06:05:05,719 basehttp 48397 140258129737408 "GET /.well-known/appspecific/com.chrome.devtools.json HTTP/1.1" 404 17435
INFO 2025-07-08 06:05:07,628 basehttp 48397 140258129737408 "GET /dashboard/notes/add/ HTTP/1.1" 200 28354
INFO 2025-07-08 06:05:07,715 basehttp 48397 140258510333632 "GET /static/frontend/css/main.css HTTP/1.1" 200 19501
INFO 2025-07-08 06:05:07,721 basehttp 48397 140258482009792 "GET /static/frontend/js/main.js HTTP/1.1" 200 23488
INFO 2025-07-08 06:05:07,726 basehttp 48397 140258490402496 "GET /static/debug_toolbar/css/toolbar.css HTTP/1.1" 200 29444
INFO 2025-07-08 06:05:07,729 basehttp 48397 140258500892352 "GET /static/debug_toolbar/js/toolbar.js HTTP/1.1" 200 14803
WARNING 2025-07-08 06:05:07,733 log 48397 140258129737408 Not Found: /.well-known/appspecific/com.chrome.devtools.json
WARNING 2025-07-08 06:05:07,734 basehttp 48397 140258129737408 "GET /.well-known/appspecific/com.chrome.devtools.json HTTP/1.1" 404 17435
INFO 2025-07-08 06:05:07,783 basehttp 48397 140258490402496 "GET /static/debug_toolbar/css/print.css HTTP/1.1" 200 43
INFO 2025-07-08 06:05:07,797 basehttp 48397 140258482009792 "GET /static/debug_toolbar/js/utils.js HTTP/1.1" 200 4692
INFO 2025-07-08 06:05:28,953 basehttp 48397 140258482009792 "POST /dashboard/notes/add/ HTTP/1.1" 302 0
INFO 2025-07-08 06:05:29,031 basehttp 48397 140258482009792 "GET /dashboard/notes/2/ HTTP/1.1" 200 33795
INFO 2025-07-08 06:05:29,110 basehttp 48397 140258490402496 "GET /static/frontend/css/main.css HTTP/1.1" 200 19501
INFO 2025-07-08 06:05:29,132 basehttp 48397 140258129737408 "GET /static/debug_toolbar/css/toolbar.css HTTP/1.1" 200 29444
WARNING 2025-07-08 06:05:29,134 log 48397 140258482009792 Not Found: /.well-known/appspecific/com.chrome.devtools.json
INFO 2025-07-08 06:05:29,134 basehttp 48397 140258510333632 "GET /static/frontend/js/main.js HTTP/1.1" 200 23488
INFO 2025-07-08 06:05:29,135 basehttp 48397 140258500892352 "GET /static/debug_toolbar/js/toolbar.js HTTP/1.1" 200 14803
WARNING 2025-07-08 06:05:29,136 basehttp 48397 140258482009792 "GET /.well-known/appspecific/com.chrome.devtools.json HTTP/1.1" 404 17435
INFO 2025-07-08 06:05:29,206 basehttp 48397 140258482009792 "GET /static/debug_toolbar/css/print.css HTTP/1.1" 200 43
INFO 2025-07-08 06:05:29,229 basehttp 48397 140258510333632 "GET /static/debug_toolbar/js/utils.js HTTP/1.1" 200 4692
INFO 2025-07-08 06:06:04,309 basehttp 48397 140258510333632 "GET /dashboard/credentials/ HTTP/1.1" 200 41173
INFO 2025-07-08 06:06:04,391 basehttp 48397 140258482009792 "GET /static/frontend/css/main.css HTTP/1.1" 200 19501
INFO 2025-07-08 06:06:04,424 basehttp 48397 140258490402496 "GET /static/debug_toolbar/js/toolbar.js HTTP/1.1" 200 14803
WARNING 2025-07-08 06:06:04,425 log 48397 140258510333632 Not Found: /.well-known/appspecific/com.chrome.devtools.json
INFO 2025-07-08 06:06:04,425 basehttp 48397 140258482009792 "GET /static/frontend/js/main.js HTTP/1.1" 200 23488
INFO 2025-07-08 06:06:04,426 basehttp 48397 140258129737408 "GET /static/debug_toolbar/css/toolbar.css HTTP/1.1" 200 29444
WARNING 2025-07-08 06:06:04,427 basehttp 48397 140258510333632 "GET /.well-known/appspecific/com.chrome.devtools.json HTTP/1.1" 404 17435
INFO 2025-07-08 06:06:04,483 basehttp 48397 140258490402496 "GET /static/debug_toolbar/css/print.css HTTP/1.1" 200 43
INFO 2025-07-08 06:06:04,522 basehttp 48397 140258510333632 "GET /static/debug_toolbar/js/utils.js HTTP/1.1" 200 4692
INFO 2025-07-08 06:06:09,924 basehttp 48397 140258490402496 "GET /dashboard/credentials/4/ HTTP/1.1" 200 32939
INFO 2025-07-08 06:06:09,995 basehttp 48397 140258510333632 "GET /static/frontend/css/main.css HTTP/1.1" 200 19501
WARNING 2025-07-08 06:06:09,999 log 48397 140258490402496 Not Found: /.well-known/appspecific/com.chrome.devtools.json
WARNING 2025-07-08 06:06:10,001 basehttp 48397 140258490402496 "GET /.well-known/appspecific/com.chrome.devtools.json HTTP/1.1" 404 17435
INFO 2025-07-08 06:06:10,004 basehttp 48397 140258500892352 "GET /static/debug_toolbar/js/toolbar.js HTTP/1.1" 200 14803
INFO 2025-07-08 06:06:10,004 basehttp 48397 140258129737408 "GET /static/frontend/js/main.js HTTP/1.1" 200 23488
INFO 2025-07-08 06:06:10,006 basehttp 48397 140258482009792 "GET /static/debug_toolbar/css/toolbar.css HTTP/1.1" 200 29444
INFO 2025-07-08 06:06:10,105 basehttp 48397 140258129737408 "GET /static/debug_toolbar/css/print.css HTTP/1.1" 200 43
INFO 2025-07-08 06:06:10,106 basehttp 48397 140258490402496 "GET /static/debug_toolbar/js/utils.js HTTP/1.1" 200 4692
INFO 2025-07-08 06:09:04,784 basehttp 48397 140258490402496 "GET /dashboard/ HTTP/1.1" 200 38460
INFO 2025-07-08 06:09:05,189 basehttp 48397 140258510333632 "GET /static/frontend/js/main.js HTTP/1.1" 200 23488
INFO 2025-07-08 06:09:05,226 basehttp 48397 140258500892352 "GET /static/debug_toolbar/css/toolbar.css HTTP/1.1" 200 29444
INFO 2025-07-08 06:09:05,231 basehttp 48397 140258482009792 "GET /static/frontend/css/main.css HTTP/1.1" 200 19501
INFO 2025-07-08 06:09:05,234 basehttp 48397 140258510333632 "GET /static/debug_toolbar/js/toolbar.js HTTP/1.1" 200 14803
INFO 2025-07-08 06:09:05,464 basehttp 48397 140258510333632 "GET /static/debug_toolbar/css/print.css HTTP/1.1" 200 43
WARNING 2025-07-08 06:09:05,691 log 48397 140258490402496 Not Found: /.well-known/appspecific/com.chrome.devtools.json
WARNING 2025-07-08 06:09:05,729 basehttp 48397 140258490402496 "GET /.well-known/appspecific/com.chrome.devtools.json HTTP/1.1" 404 17437
INFO 2025-07-08 06:09:05,730 basehttp 48397 140258510333632 "GET /static/debug_toolbar/js/utils.js HTTP/1.1" 200 4692
INFO 2025-07-08 06:09:08,012 basehttp 48397 140258490402496 "GET /auth/profile/ HTTP/1.1" 200 36859
INFO 2025-07-08 06:09:09,067 basehttp 48397 140258500892352 "GET /static/frontend/css/main.css HTTP/1.1" 200 19501
INFO 2025-07-08 06:09:09,067 basehttp 48397 140258482009792 "GET /static/frontend/js/main.js HTTP/1.1" 200 23488
INFO 2025-07-08 06:09:09,082 basehttp 48397 140258129737408 "GET /static/debug_toolbar/css/toolbar.css HTTP/1.1" 200 29444
INFO 2025-07-08 06:09:09,133 basehttp 48397 140258121344704 "GET /static/debug_toolbar/js/toolbar.js HTTP/1.1" 200 14803
INFO 2025-07-08 06:09:09,625 basehttp 48397 140258121344704 "GET /static/debug_toolbar/css/print.css HTTP/1.1" 200 43
INFO 2025-07-08 06:09:09,627 basehttp 48397 140258129737408 "GET /static/debug_toolbar/js/utils.js HTTP/1.1" 200 4692
WARNING 2025-07-08 06:09:09,836 log 48397 140258490402496 Not Found: /.well-known/appspecific/com.chrome.devtools.json
WARNING 2025-07-08 06:09:09,837 basehttp 48397 140258490402496 "GET /.well-known/appspecific/com.chrome.devtools.json HTTP/1.1" 404 17438
INFO 2025-07-08 06:09:18,860 basehttp 48397 140258490402496 "GET /dashboard/activity/ HTTP/1.1" 200 54109
INFO 2025-07-08 06:09:19,070 basehttp 48397 140258490402496 "GET /static/frontend/css/main.css HTTP/1.1" 200 19501
INFO 2025-07-08 06:09:19,090 basehttp 48397 140258129737408 "GET /static/frontend/js/main.js HTTP/1.1" 200 23488
INFO 2025-07-08 06:09:19,091 basehttp 48397 140258500892352 "GET /static/debug_toolbar/js/toolbar.js HTTP/1.1" 200 14803
INFO 2025-07-08 06:09:19,091 basehttp 48397 140258121344704 "GET /static/debug_toolbar/css/toolbar.css HTTP/1.1" 200 29444
INFO 2025-07-08 06:09:19,339 basehttp 48397 140258500892352 "GET /static/debug_toolbar/css/print.css HTTP/1.1" 200 43
INFO 2025-07-08 06:09:19,376 basehttp 48397 140258500892352 "GET /static/debug_toolbar/js/utils.js HTTP/1.1" 200 4692
WARNING 2025-07-08 06:09:19,672 log 48397 140258500892352 Not Found: /.well-known/appspecific/com.chrome.devtools.json
WARNING 2025-07-08 06:09:19,673 basehttp 48397 140258500892352 "GET /.well-known/appspecific/com.chrome.devtools.json HTTP/1.1" 404 17435
INFO 2025-07-08 06:09:21,013 basehttp 48397 140258500892352 "GET /dashboard/notes/ HTTP/1.1" 200 29293
WARNING 2025-07-08 06:09:21,114 log 48397 140258500892352 Not Found: /.well-known/appspecific/com.chrome.devtools.json
INFO 2025-07-08 06:09:21,115 basehttp 48397 140258121344704 "GET /static/frontend/js/main.js HTTP/1.1" 200 23488
WARNING 2025-07-08 06:09:21,116 basehttp 48397 140258500892352 "GET /.well-known/appspecific/com.chrome.devtools.json HTTP/1.1" 404 17435
INFO 2025-07-08 06:09:21,116 basehttp 48397 140258490402496 "GET /static/frontend/css/main.css HTTP/1.1" 200 19501
INFO 2025-07-08 06:09:21,117 basehttp 48397 140258482009792 "GET /static/debug_toolbar/js/toolbar.js HTTP/1.1" 200 14803
INFO 2025-07-08 06:09:21,117 basehttp 48397 140258129737408 "GET /static/debug_toolbar/css/toolbar.css HTTP/1.1" 200 29444
INFO 2025-07-08 06:09:21,224 basehttp 48397 140258500892352 "GET /static/debug_toolbar/css/print.css HTTP/1.1" 200 43
INFO 2025-07-08 06:09:21,236 basehttp 48397 140258500892352 "GET /static/debug_toolbar/js/utils.js HTTP/1.1" 200 4692
INFO 2025-07-08 06:09:25,454 basehttp 48397 140258500892352 "GET /dashboard/notes/2/ HTTP/1.1" 200 33130
INFO 2025-07-08 06:09:25,709 basehttp 48397 140258490402496 "GET /static/frontend/css/main.css HTTP/1.1" 200 19501
INFO 2025-07-08 06:09:25,712 basehttp 48397 140258121344704 "GET /static/debug_toolbar/js/toolbar.js HTTP/1.1" 200 14803
INFO 2025-07-08 06:09:25,712 basehttp 48397 140258482009792 "GET /static/frontend/js/main.js HTTP/1.1" 200 23488
INFO 2025-07-08 06:09:25,713 basehttp 48397 140258129737408 "GET /static/debug_toolbar/css/toolbar.css HTTP/1.1" 200 29444
WARNING 2025-07-08 06:09:25,770 log 48397 140258500892352 Not Found: /.well-known/appspecific/com.chrome.devtools.json
WARNING 2025-07-08 06:09:25,771 basehttp 48397 140258500892352 "GET /.well-known/appspecific/com.chrome.devtools.json HTTP/1.1" 404 17437
INFO 2025-07-08 06:09:25,861 basehttp 48397 140258500892352 "GET /static/debug_toolbar/css/print.css HTTP/1.1" 200 43
INFO 2025-07-08 06:09:25,913 basehttp 48397 140258500892352 "GET /static/debug_toolbar/js/utils.js HTTP/1.1" 200 4692
INFO 2025-07-08 06:09:41,884 basehttp 48397 140258490402496 "GET /auth/logout/ HTTP/1.1" 302 0
INFO 2025-07-08 06:09:41,908 basehttp 48397 140258490402496 "GET /auth/login/?next=/auth/logout/ HTTP/1.1" 200 24160
WARNING 2025-07-08 06:09:42,033 log 48397 140258490402496 Not Found: /.well-known/appspecific/com.chrome.devtools.json
WARNING 2025-07-08 06:09:42,034 basehttp 48397 140258490402496 "GET /.well-known/appspecific/com.chrome.devtools.json HTTP/1.1" 404 17435
INFO 2025-07-08 06:09:42,062 basehttp 48397 140258121344704 "GET /static/frontend/js/main.js HTTP/1.1" 200 23488
INFO 2025-07-08 06:09:42,062 basehttp 48397 140258482009792 "GET /static/frontend/css/main.css HTTP/1.1" 200 19501
INFO 2025-07-08 06:09:42,063 basehttp 48397 140258129737408 "GET /static/debug_toolbar/css/toolbar.css HTTP/1.1" 200 29444
INFO 2025-07-08 06:09:42,070 basehttp 48397 140258482009792 "GET /static/debug_toolbar/js/toolbar.js HTTP/1.1" 200 14803
INFO 2025-07-08 06:09:42,134 basehttp 48397 140258482009792 "GET /static/debug_toolbar/css/print.css HTTP/1.1" 200 43
INFO 2025-07-08 06:09:42,160 basehttp 48397 140258490402496 "GET /static/debug_toolbar/js/utils.js HTTP/1.1" 200 4692
INFO 2025-07-08 06:09:44,997 basehttp 48397 140258482009792 "GET /auth/register/ HTTP/1.1" 200 25555
WARNING 2025-07-08 06:09:45,060 log 48397 140258482009792 Not Found: /.well-known/appspecific/com.chrome.devtools.json
WARNING 2025-07-08 06:09:45,061 basehttp 48397 140258482009792 "GET /.well-known/appspecific/com.chrome.devtools.json HTTP/1.1" 404 17435
INFO 2025-07-08 06:09:45,069 basehttp 48397 140258490402496 "GET /static/frontend/css/main.css HTTP/1.1" 200 19501
INFO 2025-07-08 06:09:45,078 basehttp 48397 140258500892352 "GET /static/debug_toolbar/js/toolbar.js HTTP/1.1" 200 14803
INFO 2025-07-08 06:09:45,079 basehttp 48397 140258121344704 "GET /static/frontend/js/main.js HTTP/1.1" 200 23488
INFO 2025-07-08 06:09:45,080 basehttp 48397 140258129737408 "GET /static/debug_toolbar/css/toolbar.css HTTP/1.1" 200 29444
INFO 2025-07-08 06:09:45,148 basehttp 48397 140258490402496 "GET /static/debug_toolbar/css/print.css HTTP/1.1" 200 43
INFO 2025-07-08 06:09:45,163 basehttp 48397 140258482009792 "GET /static/debug_toolbar/js/utils.js HTTP/1.1" 200 4692
INFO 2025-07-08 06:09:46,857 basehttp 48397 140258490402496 "GET /auth/login/ HTTP/1.1" 200 24139
WARNING 2025-07-08 06:09:46,912 log 48397 140258490402496 Not Found: /.well-known/appspecific/com.chrome.devtools.json
WARNING 2025-07-08 06:09:46,913 basehttp 48397 140258490402496 "GET /.well-known/appspecific/com.chrome.devtools.json HTTP/1.1" 404 17435
INFO 2025-07-08 06:09:46,931 basehttp 48397 140258482009792 "GET /static/frontend/css/main.css HTTP/1.1" 200 19501
INFO 2025-07-08 06:09:46,942 basehttp 48397 140258129737408 "GET /static/frontend/js/main.js HTTP/1.1" 200 23488
INFO 2025-07-08 06:09:46,942 basehttp 48397 140258121344704 "GET /static/debug_toolbar/js/toolbar.js HTTP/1.1" 200 14803
INFO 2025-07-08 06:09:46,943 basehttp 48397 140258500892352 "GET /static/debug_toolbar/css/toolbar.css HTTP/1.1" 200 29444
INFO 2025-07-08 06:09:47,004 basehttp 48397 140258490402496 "GET /static/debug_toolbar/css/print.css HTTP/1.1" 200 43
INFO 2025-07-08 06:09:47,005 basehttp 48397 140258500892352 "GET /static/debug_toolbar/js/utils.js HTTP/1.1" 200 4692
INFO 2025-07-08 06:09:48,095 basehttp 48397 140258500892352 "POST /auth/login/ HTTP/1.1" 302 0
INFO 2025-07-08 06:09:48,178 basehttp 48397 140258500892352 "GET /dashboard/ HTTP/1.1" 200 38951
INFO 2025-07-08 06:09:48,279 basehttp 48397 140258490402496 "GET /static/frontend/css/main.css HTTP/1.1" 200 19501
INFO 2025-07-08 06:09:48,294 basehttp 48397 140258482009792 "GET /static/debug_toolbar/js/toolbar.js HTTP/1.1" 200 14803
INFO 2025-07-08 06:09:48,296 basehttp 48397 140258121344704 "GET /static/frontend/js/main.js HTTP/1.1" 200 23488
INFO 2025-07-08 06:09:48,298 basehttp 48397 140258129737408 "GET /static/debug_toolbar/css/toolbar.css HTTP/1.1" 200 29444
WARNING 2025-07-08 06:09:48,311 log 48397 140258500892352 Not Found: /.well-known/appspecific/com.chrome.devtools.json
WARNING 2025-07-08 06:09:48,312 basehttp 48397 140258500892352 "GET /.well-known/appspecific/com.chrome.devtools.json HTTP/1.1" 404 17435
INFO 2025-07-08 06:09:48,397 basehttp 48397 140258482009792 "GET /static/debug_toolbar/css/print.css HTTP/1.1" 200 43
INFO 2025-07-08 06:09:48,419 basehttp 48397 140258490402496 "GET /static/debug_toolbar/js/utils.js HTTP/1.1" 200 4692
INFO 2025-07-08 06:09:58,324 basehttp 48397 140258490402496 "GET /dashboard/search/ HTTP/1.1" 200 26330
WARNING 2025-07-08 06:09:58,425 log 48397 140258490402496 Not Found: /.well-known/appspecific/com.chrome.devtools.json
INFO 2025-07-08 06:09:58,427 basehttp 48397 140258500892352 "GET /static/frontend/js/main.js HTTP/1.1" 200 23488
WARNING 2025-07-08 06:09:58,428 basehttp 48397 140258490402496 "GET /.well-known/appspecific/com.chrome.devtools.json HTTP/1.1" 404 17435
INFO 2025-07-08 06:09:58,429 basehttp 48397 140258121344704 "GET /static/debug_toolbar/js/toolbar.js HTTP/1.1" 200 14803
INFO 2025-07-08 06:09:58,430 basehttp 48397 140258129737408 "GET /static/debug_toolbar/css/toolbar.css HTTP/1.1" 200 29444
INFO 2025-07-08 06:09:58,430 basehttp 48397 140258482009792 "GET /static/frontend/css/main.css HTTP/1.1" 200 19501
INFO 2025-07-08 06:09:58,547 basehttp 48397 140258482009792 "GET /static/debug_toolbar/css/print.css HTTP/1.1" 200 43
INFO 2025-07-08 06:09:58,551 basehttp 48397 140258490402496 "GET /static/debug_toolbar/js/utils.js HTTP/1.1" 200 4692
INFO 2025-07-08 06:10:00,928 basehttp 48397 140258482009792 "GET /dashboard/ HTTP/1.1" 200 38445
WARNING 2025-07-08 06:10:01,006 log 48397 140258482009792 Not Found: /.well-known/appspecific/com.chrome.devtools.json
WARNING 2025-07-08 06:10:01,007 basehttp 48397 140258482009792 "GET /.well-known/appspecific/com.chrome.devtools.json HTTP/1.1" 404 17435
INFO 2025-07-08 06:10:01,028 basehttp 48397 140258490402496 "GET /static/frontend/css/main.css HTTP/1.1" 200 19501
INFO 2025-07-08 06:10:01,029 basehttp 48397 140258500892352 "GET /static/frontend/js/main.js HTTP/1.1" 200 23488
INFO 2025-07-08 06:10:01,031 basehttp 48397 140258129737408 "GET /static/debug_toolbar/css/toolbar.css HTTP/1.1" 200 29444
INFO 2025-07-08 06:10:01,032 basehttp 48397 140258121344704 "GET /static/debug_toolbar/js/toolbar.js HTTP/1.1" 200 14803
INFO 2025-07-08 06:10:01,116 basehttp 48397 140258500892352 "GET /static/debug_toolbar/css/print.css HTTP/1.1" 200 43
INFO 2025-07-08 06:10:01,147 basehttp 48397 140258490402496 "GET /static/debug_toolbar/js/utils.js HTTP/1.1" 200 4692
INFO 2025-07-08 06:10:21,206 basehttp 48397 140258490402496 "GET /auth/profile/ HTTP/1.1" 200 36865
WARNING 2025-07-08 06:10:21,290 log 48397 140258490402496 Not Found: /.well-known/appspecific/com.chrome.devtools.json
INFO 2025-07-08 06:10:21,291 basehttp 48397 140258482009792 "GET /static/frontend/js/main.js HTTP/1.1" 200 23488
INFO 2025-07-08 06:10:21,291 basehttp 48397 140258500892352 "GET /static/frontend/css/main.css HTTP/1.1" 200 19501
WARNING 2025-07-08 06:10:21,294 basehttp 48397 140258490402496 "GET /.well-known/appspecific/com.chrome.devtools.json HTTP/1.1" 404 17435
INFO 2025-07-08 06:10:21,295 basehttp 48397 140258129737408 "GET /static/debug_toolbar/js/toolbar.js HTTP/1.1" 200 14803
INFO 2025-07-08 06:10:21,296 basehttp 48397 140258121344704 "GET /static/debug_toolbar/css/toolbar.css HTTP/1.1" 200 29444
INFO 2025-07-08 06:10:21,354 basehttp 48397 140258490402496 "GET /static/debug_toolbar/css/print.css HTTP/1.1" 200 43
INFO 2025-07-08 06:10:21,361 basehttp 48397 140258500892352 "GET /static/debug_toolbar/js/utils.js HTTP/1.1" 200 4692
INFO 2025-07-08 06:10:22,507 basehttp 48397 140258500892352 "GET /dashboard/activity/ HTTP/1.1" 200 54084
INFO 2025-07-08 06:10:22,564 basehttp 48397 140258490402496 "GET /static/frontend/css/main.css HTTP/1.1" 200 19501
WARNING 2025-07-08 06:10:22,575 log 48397 140258500892352 Not Found: /.well-known/appspecific/com.chrome.devtools.json
WARNING 2025-07-08 06:10:22,576 basehttp 48397 140258500892352 "GET /.well-known/appspecific/com.chrome.devtools.json HTTP/1.1" 404 17435
INFO 2025-07-08 06:10:22,584 basehttp 48397 140258490402496 "GET /static/frontend/js/main.js HTTP/1.1" 200 23488
INFO 2025-07-08 06:10:22,585 basehttp 48397 140258482009792 "GET /static/debug_toolbar/css/toolbar.css HTTP/1.1" 200 29444
INFO 2025-07-08 06:10:22,585 basehttp 48397 140258121344704 "GET /static/debug_toolbar/js/toolbar.js HTTP/1.1" 200 14803
INFO 2025-07-08 06:10:22,642 basehttp 48397 140258490402496 "GET /static/debug_toolbar/css/print.css HTTP/1.1" 200 43
INFO 2025-07-08 06:10:22,646 basehttp 48397 140258482009792 "GET /static/debug_toolbar/js/utils.js HTTP/1.1" 200 4692
INFO 2025-07-08 06:20:50,987 autoreload 53096 140127054596992 Watching for file changes with StatReloader
INFO 2025-07-08 06:20:59,271 basehttp 53096 140126954936000 "GET /dashboard/activity/ HTTP/1.1" 200 73898
INFO 2025-07-08 06:20:59,362 basehttp 53096 140126963328704 "GET /static/frontend/css/main.css HTTP/1.1" 200 23008
INFO 2025-07-08 06:20:59,369 basehttp 53096 140126944446144 "GET /static/debug_toolbar/css/toolbar.css HTTP/1.1" 200 29444
INFO 2025-07-08 06:20:59,371 basehttp 53096 140126963328704 "GET /static/frontend/js/main.js HTTP/1.1" 200 23488
INFO 2025-07-08 06:20:59,376 basehttp 53096 140126944446144 "GET /static/debug_toolbar/js/toolbar.js HTTP/1.1" 200 14803
INFO 2025-07-08 06:20:59,429 basehttp 53096 140126963328704 "GET /static/debug_toolbar/css/print.css HTTP/1.1" 200 43
WARNING 2025-07-08 06:20:59,437 log 53096 140126954936000 Not Found: /.well-known/appspecific/com.chrome.devtools.json
WARNING 2025-07-08 06:20:59,438 basehttp 53096 140126954936000 "GET /.well-known/appspecific/com.chrome.devtools.json HTTP/1.1" 404 17435
INFO 2025-07-08 06:20:59,461 basehttp 53096 140126954936000 "GET /static/debug_toolbar/js/utils.js HTTP/1.1" 200 4692
INFO 2025-07-08 06:21:17,128 basehttp 53096 140126954936000 "GET /dashboard/activity/?page=2 HTTP/1.1" 200 74747
WARNING 2025-07-08 06:21:17,205 log 53096 140126954936000 Not Found: /.well-known/appspecific/com.chrome.devtools.json
WARNING 2025-07-08 06:21:17,207 basehttp 53096 140126954936000 "GET /.well-known/appspecific/com.chrome.devtools.json HTTP/1.1" 404 17435
INFO 2025-07-08 06:21:17,208 basehttp 53096 140126963328704 "GET /static/frontend/css/main.css HTTP/1.1" 200 23008
INFO 2025-07-08 06:21:17,208 basehttp 53096 140126944446144 "GET /static/frontend/js/main.js HTTP/1.1" 200 23488
INFO 2025-07-08 06:21:17,211 basehttp 53096 140126722188992 "GET /static/debug_toolbar/css/toolbar.css HTTP/1.1" 200 29444
INFO 2025-07-08 06:21:17,211 basehttp 53096 140126730581696 "GET /static/debug_toolbar/js/toolbar.js HTTP/1.1" 200 14803
INFO 2025-07-08 06:21:17,310 basehttp 53096 140126944446144 "GET /static/debug_toolbar/css/print.css HTTP/1.1" 200 43
INFO 2025-07-08 06:21:17,338 basehttp 53096 140126963328704 "GET /static/debug_toolbar/js/utils.js HTTP/1.1" 200 4692
INFO 2025-07-08 06:21:24,012 basehttp 53096 140126944446144 "GET /dashboard/activity/?page=3 HTTP/1.1" 200 68627
INFO 2025-07-08 06:21:24,111 basehttp 53096 140126954936000 "GET /static/frontend/css/main.css HTTP/1.1" 200 23008
INFO 2025-07-08 06:21:24,111 basehttp 53096 140126730581696 "GET /static/frontend/js/main.js HTTP/1.1" 200 23488
INFO 2025-07-08 06:21:24,113 basehttp 53096 140126722188992 "GET /static/debug_toolbar/css/toolbar.css HTTP/1.1" 200 29444
INFO 2025-07-08 06:21:24,116 basehttp 53096 140126954936000 "GET /static/debug_toolbar/js/toolbar.js HTTP/1.1" 200 14803
WARNING 2025-07-08 06:21:24,119 log 53096 140126944446144 Not Found: /.well-known/appspecific/com.chrome.devtools.json
WARNING 2025-07-08 06:21:24,120 basehttp 53096 140126944446144 "GET /.well-known/appspecific/com.chrome.devtools.json HTTP/1.1" 404 17435
INFO 2025-07-08 06:21:24,170 basehttp 53096 140126722188992 "GET /static/debug_toolbar/css/print.css HTTP/1.1" 200 43
INFO 2025-07-08 06:21:24,202 basehttp 53096 140126954936000 "GET /static/debug_toolbar/js/utils.js HTTP/1.1" 200 4692
ERROR 2025-07-08 06:21:27,564 log 53096 140126722188992 Internal Server Error: /auth/profile/
Traceback (most recent call last):
  File "/home/t0myam/.pyenv/versions/private/lib/python3.13/site-packages/django/core/handlers/exception.py", line 55, in inner
    response = get_response(request)
  File "/home/t0myam/.pyenv/versions/private/lib/python3.13/site-packages/django/core/handlers/base.py", line 197, in _get_response
    response = wrapped_callback(request, *callback_args, **callback_kwargs)
  File "/home/t0myam/.pyenv/versions/private/lib/python3.13/site-packages/django/contrib/auth/decorators.py", line 59, in _view_wrapper
    return view_func(request, *args, **kwargs)
  File "/home/t0myam/projects/private-django/credentials_manager/apps/authentication/views.py", line 90, in profile_view
    return render(request, 'authentication/profile.html', context)
  File "/home/t0myam/.pyenv/versions/private/lib/python3.13/site-packages/django/shortcuts.py", line 25, in render
    content = loader.render_to_string(template_name, context, request, using=using)
  File "/home/t0myam/.pyenv/versions/private/lib/python3.13/site-packages/django/template/loader.py", line 61, in render_to_string
    template = get_template(template_name, using=using)
  File "/home/t0myam/.pyenv/versions/private/lib/python3.13/site-packages/django/template/loader.py", line 15, in get_template
    return engine.get_template(template_name)
           ~~~~~~~~~~~~~~~~~~~^^^^^^^^^^^^^^^
  File "/home/t0myam/.pyenv/versions/private/lib/python3.13/site-packages/django/template/backends/django.py", line 79, in get_template
    return Template(self.engine.get_template(template_name), self)
                    ~~~~~~~~~~~~~~~~~~~~~~~~^^^^^^^^^^^^^^^
  File "/home/t0myam/.pyenv/versions/private/lib/python3.13/site-packages/django/template/engine.py", line 177, in get_template
    template, origin = self.find_template(template_name)
                       ~~~~~~~~~~~~~~~~~~^^^^^^^^^^^^^^^
  File "/home/t0myam/.pyenv/versions/private/lib/python3.13/site-packages/django/template/engine.py", line 159, in find_template
    template = loader.get_template(name, skip=skip)
  File "/home/t0myam/.pyenv/versions/private/lib/python3.13/site-packages/django/template/loaders/cached.py", line 57, in get_template
    template = super().get_template(template_name, skip)
  File "/home/t0myam/.pyenv/versions/private/lib/python3.13/site-packages/django/template/loaders/base.py", line 28, in get_template
    return Template(
        contents,
    ...<2 lines>...
        self.engine,
    )
  File "/home/t0myam/.pyenv/versions/private/lib/python3.13/site-packages/django/template/base.py", line 154, in __init__
    self.nodelist = self.compile_nodelist()
                    ~~~~~~~~~~~~~~~~~~~~~^^
  File "/home/t0myam/.pyenv/versions/private/lib/python3.13/site-packages/django/template/base.py", line 196, in compile_nodelist
    nodelist = parser.parse()
  File "/home/t0myam/.pyenv/versions/private/lib/python3.13/site-packages/django/template/base.py", line 518, in parse
    raise self.error(token, e)
  File "/home/t0myam/.pyenv/versions/private/lib/python3.13/site-packages/django/template/base.py", line 516, in parse
    compiled_result = compile_func(self, token)
  File "/home/t0myam/.pyenv/versions/private/lib/python3.13/site-packages/django/template/loader_tags.py", line 299, in do_extends
    nodelist = parser.parse()
  File "/home/t0myam/.pyenv/versions/private/lib/python3.13/site-packages/django/template/base.py", line 518, in parse
    raise self.error(token, e)
  File "/home/t0myam/.pyenv/versions/private/lib/python3.13/site-packages/django/template/base.py", line 516, in parse
    compiled_result = compile_func(self, token)
  File "/home/t0myam/.pyenv/versions/private/lib/python3.13/site-packages/django/template/loader_tags.py", line 234, in do_block
    nodelist = parser.parse(("endblock",))
  File "/home/t0myam/.pyenv/versions/private/lib/python3.13/site-packages/django/template/base.py", line 489, in parse
    raise self.error(token, e)
  File "/home/t0myam/.pyenv/versions/private/lib/python3.13/site-packages/django/template/base.py", line 487, in parse
    filter_expression = self.compile_filter(token.contents)
  File "/home/t0myam/.pyenv/versions/private/lib/python3.13/site-packages/django/template/base.py", line 609, in compile_filter
    return FilterExpression(token, self)
  File "/home/t0myam/.pyenv/versions/private/lib/python3.13/site-packages/django/template/base.py", line 682, in __init__
    raise TemplateSyntaxError(
    ...<2 lines>...
    )
django.template.exceptions.TemplateSyntaxError: Could not parse some characters: user.credentials.filter.is_favorite|=True.count||add:user.secure_notes.filter.is_favorite=True.count
ERROR 2025-07-08 06:21:27,581 log 53096 140126954936000 Internal Server Error: /auth/profile/
Traceback (most recent call last):
  File "/home/t0myam/.pyenv/versions/private/lib/python3.13/site-packages/django/core/handlers/exception.py", line 55, in inner
    response = get_response(request)
  File "/home/t0myam/.pyenv/versions/private/lib/python3.13/site-packages/django/core/handlers/base.py", line 197, in _get_response
    response = wrapped_callback(request, *callback_args, **callback_kwargs)
  File "/home/t0myam/.pyenv/versions/private/lib/python3.13/site-packages/django/contrib/auth/decorators.py", line 59, in _view_wrapper
    return view_func(request, *args, **kwargs)
  File "/home/t0myam/projects/private-django/credentials_manager/apps/authentication/views.py", line 90, in profile_view
    return render(request, 'authentication/profile.html', context)
  File "/home/t0myam/.pyenv/versions/private/lib/python3.13/site-packages/django/shortcuts.py", line 25, in render
    content = loader.render_to_string(template_name, context, request, using=using)
  File "/home/t0myam/.pyenv/versions/private/lib/python3.13/site-packages/django/template/loader.py", line 61, in render_to_string
    template = get_template(template_name, using=using)
  File "/home/t0myam/.pyenv/versions/private/lib/python3.13/site-packages/django/template/loader.py", line 15, in get_template
    return engine.get_template(template_name)
           ~~~~~~~~~~~~~~~~~~~^^^^^^^^^^^^^^^
  File "/home/t0myam/.pyenv/versions/private/lib/python3.13/site-packages/django/template/backends/django.py", line 79, in get_template
    return Template(self.engine.get_template(template_name), self)
                    ~~~~~~~~~~~~~~~~~~~~~~~~^^^^^^^^^^^^^^^
  File "/home/t0myam/.pyenv/versions/private/lib/python3.13/site-packages/django/template/engine.py", line 177, in get_template
    template, origin = self.find_template(template_name)
                       ~~~~~~~~~~~~~~~~~~^^^^^^^^^^^^^^^
  File "/home/t0myam/.pyenv/versions/private/lib/python3.13/site-packages/django/template/engine.py", line 159, in find_template
    template = loader.get_template(name, skip=skip)
  File "/home/t0myam/.pyenv/versions/private/lib/python3.13/site-packages/django/template/loaders/cached.py", line 57, in get_template
    template = super().get_template(template_name, skip)
  File "/home/t0myam/.pyenv/versions/private/lib/python3.13/site-packages/django/template/loaders/base.py", line 28, in get_template
    return Template(
        contents,
    ...<2 lines>...
        self.engine,
    )
  File "/home/t0myam/.pyenv/versions/private/lib/python3.13/site-packages/django/template/base.py", line 154, in __init__
    self.nodelist = self.compile_nodelist()
                    ~~~~~~~~~~~~~~~~~~~~~^^
  File "/home/t0myam/.pyenv/versions/private/lib/python3.13/site-packages/django/template/base.py", line 196, in compile_nodelist
    nodelist = parser.parse()
  File "/home/t0myam/.pyenv/versions/private/lib/python3.13/site-packages/django/template/base.py", line 518, in parse
    raise self.error(token, e)
  File "/home/t0myam/.pyenv/versions/private/lib/python3.13/site-packages/django/template/base.py", line 516, in parse
    compiled_result = compile_func(self, token)
  File "/home/t0myam/.pyenv/versions/private/lib/python3.13/site-packages/django/template/loader_tags.py", line 299, in do_extends
    nodelist = parser.parse()
  File "/home/t0myam/.pyenv/versions/private/lib/python3.13/site-packages/django/template/base.py", line 518, in parse
    raise self.error(token, e)
  File "/home/t0myam/.pyenv/versions/private/lib/python3.13/site-packages/django/template/base.py", line 516, in parse
    compiled_result = compile_func(self, token)
  File "/home/t0myam/.pyenv/versions/private/lib/python3.13/site-packages/django/template/loader_tags.py", line 234, in do_block
    nodelist = parser.parse(("endblock",))
  File "/home/t0myam/.pyenv/versions/private/lib/python3.13/site-packages/django/template/base.py", line 489, in parse
    raise self.error(token, e)
  File "/home/t0myam/.pyenv/versions/private/lib/python3.13/site-packages/django/template/base.py", line 487, in parse
    filter_expression = self.compile_filter(token.contents)
  File "/home/t0myam/.pyenv/versions/private/lib/python3.13/site-packages/django/template/base.py", line 609, in compile_filter
    return FilterExpression(token, self)
  File "/home/t0myam/.pyenv/versions/private/lib/python3.13/site-packages/django/template/base.py", line 682, in __init__
    raise TemplateSyntaxError(
    ...<2 lines>...
    )
django.template.exceptions.TemplateSyntaxError: Could not parse some characters: user.credentials.filter.is_favorite|=True.count||add:user.secure_notes.filter.is_favorite=True.count
ERROR 2025-07-08 06:21:27,919 basehttp 53096 140126722188992 "GET /auth/profile/ HTTP/1.1" 500 224749
INFO 2025-07-08 06:21:27,980 basehttp 53096 140126730581696 "GET /static/debug_toolbar/js/toolbar.js HTTP/1.1" 200 14803
INFO 2025-07-08 06:21:27,981 basehttp 53096 140126944446144 "GET /static/debug_toolbar/css/toolbar.css HTTP/1.1" 200 29444
INFO 2025-07-08 06:21:28,002 basehttp 53096 140126730581696 "GET /static/debug_toolbar/css/print.css HTTP/1.1" 200 43
WARNING 2025-07-08 06:21:28,022 log 53096 140126722188992 Not Found: /.well-known/appspecific/com.chrome.devtools.json
WARNING 2025-07-08 06:21:28,023 basehttp 53096 140126722188992 "GET /.well-known/appspecific/com.chrome.devtools.json HTTP/1.1" 404 17435
INFO 2025-07-08 06:21:28,149 basehttp 53096 140126722188992 "GET /static/debug_toolbar/js/utils.js HTTP/1.1" 200 4692
INFO 2025-07-08 06:23:38,066 autoreload 53847 139692222319488 Watching for file changes with StatReloader
INFO 2025-07-08 06:23:43,619 basehttp 53847 139692131444416 "GET /auth/profile/ HTTP/1.1" 200 46910
INFO 2025-07-08 06:23:43,726 basehttp 53847 139692123051712 "GET /static/frontend/css/main.css HTTP/1.1" 200 23008
INFO 2025-07-08 06:23:43,726 basehttp 53847 139692112561856 "GET /static/frontend/js/main.js HTTP/1.1" 200 23488
INFO 2025-07-08 06:23:43,734 basehttp 53847 139692123051712 "GET /static/debug_toolbar/css/toolbar.css HTTP/1.1" 200 29444
INFO 2025-07-08 06:23:43,750 basehttp 53847 139692112561856 "GET /static/debug_toolbar/js/toolbar.js HTTP/1.1" 200 14803
WARNING 2025-07-08 06:23:43,774 log 53847 139692131444416 Not Found: /.well-known/appspecific/com.chrome.devtools.json
WARNING 2025-07-08 06:23:43,774 basehttp 53847 139692131444416 "GET /.well-known/appspecific/com.chrome.devtools.json HTTP/1.1" 404 17435
INFO 2025-07-08 06:23:43,786 basehttp 53847 139692131444416 "GET /static/debug_toolbar/css/print.css HTTP/1.1" 200 43
INFO 2025-07-08 06:23:43,888 basehttp 53847 139692131444416 "GET /static/debug_toolbar/js/utils.js HTTP/1.1" 200 4692
INFO 2025-07-08 06:23:55,592 basehttp 53847 139692131444416 "GET /dashboard/activity/ HTTP/1.1" 200 73895
WARNING 2025-07-08 06:23:55,677 log 53847 139692131444416 Not Found: /.well-known/appspecific/com.chrome.devtools.json
WARNING 2025-07-08 06:23:55,679 basehttp 53847 139692131444416 "GET /.well-known/appspecific/com.chrome.devtools.json HTTP/1.1" 404 17435
INFO 2025-07-08 06:23:55,681 basehttp 53847 139692095776448 "GET /static/debug_toolbar/js/toolbar.js HTTP/1.1" 200 14803
INFO 2025-07-08 06:23:55,683 basehttp 53847 139692104169152 "GET /static/debug_toolbar/css/toolbar.css HTTP/1.1" 200 29444
INFO 2025-07-08 06:23:55,684 basehttp 53847 139692123051712 "GET /static/frontend/css/main.css HTTP/1.1" 200 23008
INFO 2025-07-08 06:23:55,684 basehttp 53847 139692112561856 "GET /static/frontend/js/main.js HTTP/1.1" 200 23488
INFO 2025-07-08 06:23:55,794 basehttp 53847 139692131444416 "GET /static/debug_toolbar/css/print.css HTTP/1.1" 200 43
INFO 2025-07-08 06:23:55,807 basehttp 53847 139692131444416 "GET /static/debug_toolbar/js/utils.js HTTP/1.1" 200 4692
INFO 2025-07-08 06:23:57,252 basehttp 53847 139692131444416 "GET /dashboard/search/ HTTP/1.1" 200 26330
INFO 2025-07-08 06:23:57,333 basehttp 53847 139692123051712 "GET /static/frontend/css/main.css HTTP/1.1" 200 23008
WARNING 2025-07-08 06:23:57,339 log 53847 139692131444416 Not Found: /.well-known/appspecific/com.chrome.devtools.json
WARNING 2025-07-08 06:23:57,342 basehttp 53847 139692131444416 "GET /.well-known/appspecific/com.chrome.devtools.json HTTP/1.1" 404 17435
INFO 2025-07-08 06:23:57,345 basehttp 53847 139692112561856 "GET /static/frontend/js/main.js HTTP/1.1" 200 23488
INFO 2025-07-08 06:23:57,345 basehttp 53847 139692095776448 "GET /static/debug_toolbar/js/toolbar.js HTTP/1.1" 200 14803
INFO 2025-07-08 06:23:57,346 basehttp 53847 139692104169152 "GET /static/debug_toolbar/css/toolbar.css HTTP/1.1" 200 29444
INFO 2025-07-08 06:23:57,423 basehttp 53847 139692131444416 "GET /static/debug_toolbar/css/print.css HTTP/1.1" 200 43
INFO 2025-07-08 06:23:57,431 basehttp 53847 139692112561856 "GET /static/debug_toolbar/js/utils.js HTTP/1.1" 200 4692
INFO 2025-07-08 06:23:58,012 basehttp 53847 139692112561856 "GET /dashboard/notes/ HTTP/1.1" 200 29294
WARNING 2025-07-08 06:23:58,097 log 53847 139692112561856 Not Found: /.well-known/appspecific/com.chrome.devtools.json
INFO 2025-07-08 06:23:58,098 basehttp 53847 139692131444416 "GET /static/frontend/css/main.css HTTP/1.1" 200 23008
INFO 2025-07-08 06:23:58,100 basehttp 53847 139692095776448 "GET /static/debug_toolbar/js/toolbar.js HTTP/1.1" 200 14803
INFO 2025-07-08 06:23:58,100 basehttp 53847 139692123051712 "GET /static/frontend/js/main.js HTTP/1.1" 200 23488
WARNING 2025-07-08 06:23:58,100 basehttp 53847 139692112561856 "GET /.well-known/appspecific/com.chrome.devtools.json HTTP/1.1" 404 17435
INFO 2025-07-08 06:23:58,101 basehttp 53847 139692104169152 "GET /static/debug_toolbar/css/toolbar.css HTTP/1.1" 200 29444
INFO 2025-07-08 06:23:58,171 basehttp 53847 139692123051712 "GET /static/debug_toolbar/css/print.css HTTP/1.1" 200 43
INFO 2025-07-08 06:23:58,184 basehttp 53847 139692112561856 "GET /static/debug_toolbar/js/utils.js HTTP/1.1" 200 4692
INFO 2025-07-08 06:24:00,381 basehttp 53847 139692112561856 "GET /dashboard/credentials/ HTTP/1.1" 200 41178
WARNING 2025-07-08 06:24:00,455 log 53847 139692112561856 Not Found: /.well-known/appspecific/com.chrome.devtools.json
WARNING 2025-07-08 06:24:00,456 basehttp 53847 139692112561856 "GET /.well-known/appspecific/com.chrome.devtools.json HTTP/1.1" 404 17435
INFO 2025-07-08 06:24:00,462 basehttp 53847 139692123051712 "GET /static/frontend/css/main.css HTTP/1.1" 200 23008
INFO 2025-07-08 06:24:00,474 basehttp 53847 139692131444416 "GET /static/debug_toolbar/js/toolbar.js HTTP/1.1" 200 14803
INFO 2025-07-08 06:24:00,475 basehttp 53847 139692095776448 "GET /static/frontend/js/main.js HTTP/1.1" 200 23488
INFO 2025-07-08 06:24:00,477 basehttp 53847 139692104169152 "GET /static/debug_toolbar/css/toolbar.css HTTP/1.1" 200 29444
INFO 2025-07-08 06:24:00,546 basehttp 53847 139692112561856 "GET /static/debug_toolbar/css/print.css HTTP/1.1" 200 43
INFO 2025-07-08 06:24:00,556 basehttp 53847 139692104169152 "GET /static/debug_toolbar/js/utils.js HTTP/1.1" 200 4692
INFO 2025-07-08 06:24:00,999 basehttp 53847 139692112561856 "GET /dashboard/ HTTP/1.1" 200 38451
WARNING 2025-07-08 06:24:01,096 log 53847 139692112561856 Not Found: /.well-known/appspecific/com.chrome.devtools.json
INFO 2025-07-08 06:24:01,098 basehttp 53847 139692123051712 "GET /static/debug_toolbar/js/toolbar.js HTTP/1.1" 200 14803
INFO 2025-07-08 06:24:01,099 basehttp 53847 139692104169152 "GET /static/frontend/css/main.css HTTP/1.1" 200 23008
INFO 2025-07-08 06:24:01,099 basehttp 53847 139692131444416 "GET /static/frontend/js/main.js HTTP/1.1" 200 23488
INFO 2025-07-08 06:24:01,100 basehttp 53847 139692095776448 "GET /static/debug_toolbar/css/toolbar.css HTTP/1.1" 200 29444
WARNING 2025-07-08 06:24:01,101 basehttp 53847 139692112561856 "GET /.well-known/appspecific/com.chrome.devtools.json HTTP/1.1" 404 17435
INFO 2025-07-08 06:24:01,152 basehttp 53847 139692123051712 "GET /static/debug_toolbar/css/print.css HTTP/1.1" 200 43
INFO 2025-07-08 06:24:01,157 basehttp 53847 139692095776448 "GET /static/debug_toolbar/js/utils.js HTTP/1.1" 200 4692
INFO 2025-07-08 06:24:07,204 basehttp 53847 139692123051712 "GET /auth/logout/ HTTP/1.1" 302 0
INFO 2025-07-08 06:24:07,225 basehttp 53847 139692123051712 "GET /auth/login/ HTTP/1.1" 200 24662
WARNING 2025-07-08 06:24:07,331 log 53847 139692123051712 Not Found: /.well-known/appspecific/com.chrome.devtools.json
WARNING 2025-07-08 06:24:07,333 basehttp 53847 139692123051712 "GET /.well-known/appspecific/com.chrome.devtools.json HTTP/1.1" 404 17435
INFO 2025-07-08 06:24:07,352 basehttp 53847 139692095776448 "GET /static/frontend/css/main.css HTTP/1.1" 200 23008
INFO 2025-07-08 06:24:07,365 basehttp 53847 139692112561856 "GET /static/frontend/js/main.js HTTP/1.1" 200 23488
INFO 2025-07-08 06:24:07,367 basehttp 53847 139692104169152 "GET /static/debug_toolbar/js/toolbar.js HTTP/1.1" 200 14803
INFO 2025-07-08 06:24:07,370 basehttp 53847 139692131444416 "GET /static/debug_toolbar/css/toolbar.css HTTP/1.1" 200 29444
INFO 2025-07-08 06:24:07,432 basehttp 53847 139692112561856 "GET /static/debug_toolbar/css/print.css HTTP/1.1" 200 43
INFO 2025-07-08 06:24:07,437 basehttp 53847 139692123051712 "GET /static/debug_toolbar/js/utils.js HTTP/1.1" 200 4692
INFO 2025-07-08 06:24:10,082 basehttp 53847 139692112561856 "POST /auth/login/ HTTP/1.1" 302 0
INFO 2025-07-08 06:24:10,147 basehttp 53847 139692112561856 "GET /dashboard/ HTTP/1.1" 200 38949
INFO 2025-07-08 06:24:10,222 basehttp 53847 139692123051712 "GET /static/frontend/css/main.css HTTP/1.1" 200 23008
INFO 2025-07-08 06:24:10,241 basehttp 53847 139692104169152 "GET /static/debug_toolbar/css/toolbar.css HTTP/1.1" 200 29444
INFO 2025-07-08 06:24:10,241 basehttp 53847 139692131444416 "GET /static/frontend/js/main.js HTTP/1.1" 200 23488
WARNING 2025-07-08 06:24:10,252 log 53847 139692112561856 Not Found: /.well-known/appspecific/com.chrome.devtools.json
WARNING 2025-07-08 06:24:10,252 basehttp 53847 139692112561856 "GET /.well-known/appspecific/com.chrome.devtools.json HTTP/1.1" 404 17435
INFO 2025-07-08 06:24:10,255 basehttp 53847 139692095776448 "GET /static/debug_toolbar/js/toolbar.js HTTP/1.1" 200 14803
INFO 2025-07-08 06:24:10,302 basehttp 53847 139692123051712 "GET /static/debug_toolbar/css/print.css HTTP/1.1" 200 43
INFO 2025-07-08 06:24:10,314 basehttp 53847 139692095776448 "GET /static/debug_toolbar/js/utils.js HTTP/1.1" 200 4692
INFO 2025-07-08 06:24:15,494 basehttp 53847 139692123051712 "GET /dashboard/notes/ HTTP/1.1" 200 29294
WARNING 2025-07-08 06:24:15,574 log 53847 139692123051712 Not Found: /.well-known/appspecific/com.chrome.devtools.json
WARNING 2025-07-08 06:24:15,577 basehttp 53847 139692123051712 "GET /.well-known/appspecific/com.chrome.devtools.json HTTP/1.1" 404 17435
INFO 2025-07-08 06:24:15,579 basehttp 53847 139692112561856 "GET /static/frontend/js/main.js HTTP/1.1" 200 23488
INFO 2025-07-08 06:24:15,579 basehttp 53847 139692095776448 "GET /static/frontend/css/main.css HTTP/1.1" 200 23008
INFO 2025-07-08 06:24:15,580 basehttp 53847 139692104169152 "GET /static/debug_toolbar/js/toolbar.js HTTP/1.1" 200 14803
INFO 2025-07-08 06:24:15,581 basehttp 53847 139692131444416 "GET /static/debug_toolbar/css/toolbar.css HTTP/1.1" 200 29444
INFO 2025-07-08 06:24:15,636 basehttp 53847 139692123051712 "GET /static/debug_toolbar/css/print.css HTTP/1.1" 200 43
INFO 2025-07-08 06:24:15,644 basehttp 53847 139692112561856 "GET /static/debug_toolbar/js/utils.js HTTP/1.1" 200 4692
WARNING 2025-07-08 06:24:16,373 log 53847 139692112561856 Not Found: /.well-known/appspecific/com.chrome.devtools.json
WARNING 2025-07-08 06:24:16,374 basehttp 53847 139692112561856 "GET /.well-known/appspecific/com.chrome.devtools.json HTTP/1.1" 404 17435
WARNING 2025-07-08 06:24:16,449 log 53847 139692112561856 Not Found: /.well-known/appspecific/com.chrome.devtools.json
WARNING 2025-07-08 06:24:16,450 basehttp 53847 139692112561856 "GET /.well-known/appspecific/com.chrome.devtools.json HTTP/1.1" 404 17435
